{"/project/sandbox/user-workspace/backend/controllers/authController.js": {"path":"/project/sandbox/user-workspace/backend/controllers/authController.js","statementMap":{"0":{"start":{"line":1,"column":13},"end":{"line":1,"column":38}},"1":{"start":{"line":2,"column":17},"end":{"line":2,"column":46}},"2":{"start":{"line":3,"column":22},"end":{"line":3,"column":55}},"3":{"start":{"line":10,"column":0},"end":{"line":95,"column":2}},"4":{"start":{"line":11,"column":2},"end":{"line":94,"column":3}},"5":{"start":{"line":25,"column":8},"end":{"line":25,"column":16}},"6":{"start":{"line":28,"column":25},"end":{"line":28,"column":54}},"7":{"start":{"line":29,"column":4},"end":{"line":31,"column":5}},"8":{"start":{"line":30,"column":6},"end":{"line":30,"column":81}},"9":{"start":{"line":34,"column":17},"end":{"line":41,"column":6}},"10":{"start":{"line":44,"column":4},"end":{"line":71,"column":5}},"11":{"start":{"line":45,"column":6},"end":{"line":48,"column":7}},"12":{"start":{"line":46,"column":8},"end":{"line":46,"column":28}},"13":{"start":{"line":47,"column":8},"end":{"line":47,"column":79}},"14":{"start":{"line":51,"column":31},"end":{"line":51,"column":72}},"15":{"start":{"line":52,"column":6},"end":{"line":55,"column":7}},"16":{"start":{"line":53,"column":8},"end":{"line":53,"column":28}},"17":{"start":{"line":54,"column":8},"end":{"line":54,"column":96}},"18":{"start":{"line":58,"column":6},"end":{"line":70,"column":9}},"19":{"start":{"line":74,"column":18},"end":{"line":74,"column":42}},"20":{"start":{"line":77,"column":4},"end":{"line":77,"column":33}},"21":{"start":{"line":79,"column":4},"end":{"line":91,"column":7}},"22":{"start":{"line":93,"column":4},"end":{"line":93,"column":16}},"23":{"start":{"line":102,"column":0},"end":{"line":172,"column":2}},"24":{"start":{"line":103,"column":2},"end":{"line":171,"column":3}},"25":{"start":{"line":104,"column":45},"end":{"line":104,"column":53}},"26":{"start":{"line":107,"column":4},"end":{"line":109,"column":5}},"27":{"start":{"line":108,"column":6},"end":{"line":108,"column":81}},"28":{"start":{"line":112,"column":17},"end":{"line":112,"column":66}},"29":{"start":{"line":113,"column":4},"end":{"line":115,"column":5}},"30":{"start":{"line":114,"column":6},"end":{"line":114,"column":71}},"31":{"start":{"line":118,"column":4},"end":{"line":120,"column":5}},"32":{"start":{"line":119,"column":6},"end":{"line":119,"column":85}},"33":{"start":{"line":123,"column":20},"end":{"line":123,"column":54}},"34":{"start":{"line":124,"column":4},"end":{"line":126,"column":5}},"35":{"start":{"line":125,"column":6},"end":{"line":125,"column":71}},"36":{"start":{"line":129,"column":4},"end":{"line":131,"column":5}},"37":{"start":{"line":130,"column":6},"end":{"line":130,"column":45}},"38":{"start":{"line":134,"column":4},"end":{"line":134,"column":33}},"39":{"start":{"line":137,"column":18},"end":{"line":137,"column":42}},"40":{"start":{"line":140,"column":25},"end":{"line":140,"column":27}},"41":{"start":{"line":141,"column":4},"end":{"line":153,"column":5}},"42":{"start":{"line":142,"column":23},"end":{"line":142,"column":65}},"43":{"start":{"line":143,"column":6},"end":{"line":152,"column":7}},"44":{"start":{"line":144,"column":8},"end":{"line":151,"column":10}},"45":{"start":{"line":155,"column":4},"end":{"line":168,"column":7}},"46":{"start":{"line":170,"column":4},"end":{"line":170,"column":16}},"47":{"start":{"line":179,"column":0},"end":{"line":195,"column":2}},"48":{"start":{"line":180,"column":2},"end":{"line":194,"column":3}},"49":{"start":{"line":181,"column":28},"end":{"line":181,"column":36}},"50":{"start":{"line":184,"column":4},"end":{"line":186,"column":5}},"51":{"start":{"line":185,"column":6},"end":{"line":185,"column":52}},"52":{"start":{"line":188,"column":4},"end":{"line":191,"column":7}},"53":{"start":{"line":193,"column":4},"end":{"line":193,"column":16}},"54":{"start":{"line":202,"column":0},"end":{"line":240,"column":2}},"55":{"start":{"line":203,"column":2},"end":{"line":239,"column":3}},"56":{"start":{"line":204,"column":17},"end":{"line":204,"column":49}},"57":{"start":{"line":206,"column":25},"end":{"line":206,"column":27}},"58":{"start":{"line":207,"column":4},"end":{"line":220,"column":5}},"59":{"start":{"line":208,"column":23},"end":{"line":208,"column":65}},"60":{"start":{"line":209,"column":6},"end":{"line":219,"column":7}},"61":{"start":{"line":210,"column":8},"end":{"line":218,"column":10}},"62":{"start":{"line":222,"column":4},"end":{"line":236,"column":7}},"63":{"start":{"line":238,"column":4},"end":{"line":238,"column":16}},"64":{"start":{"line":247,"column":0},"end":{"line":283,"column":2}},"65":{"start":{"line":248,"column":2},"end":{"line":282,"column":3}},"66":{"start":{"line":249,"column":27},"end":{"line":253,"column":5}},"67":{"start":{"line":255,"column":17},"end":{"line":258,"column":6}},"68":{"start":{"line":261,"column":4},"end":{"line":274,"column":5}},"69":{"start":{"line":262,"column":29},"end":{"line":262,"column":31}},"70":{"start":{"line":263,"column":6},"end":{"line":263,"column":76}},"71":{"start":{"line":263,"column":30},"end":{"line":263,"column":76}},"72":{"start":{"line":264,"column":6},"end":{"line":264,"column":91}},"73":{"start":{"line":264,"column":35},"end":{"line":264,"column":91}},"74":{"start":{"line":265,"column":6},"end":{"line":268,"column":7}},"75":{"start":{"line":266,"column":8},"end":{"line":266,"column":61}},"76":{"start":{"line":267,"column":8},"end":{"line":267,"column":50}},"77":{"start":{"line":270,"column":6},"end":{"line":273,"column":9}},"78":{"start":{"line":276,"column":4},"end":{"line":279,"column":7}},"79":{"start":{"line":281,"column":4},"end":{"line":281,"column":16}},"80":{"start":{"line":290,"column":0},"end":{"line":315,"column":2}},"81":{"start":{"line":291,"column":2},"end":{"line":314,"column":3}},"82":{"start":{"line":292,"column":45},"end":{"line":292,"column":53}},"83":{"start":{"line":294,"column":17},"end":{"line":294,"column":69}},"84":{"start":{"line":297,"column":20},"end":{"line":297,"column":61}},"85":{"start":{"line":298,"column":4},"end":{"line":300,"column":5}},"86":{"start":{"line":299,"column":6},"end":{"line":299,"column":81}},"87":{"start":{"line":302,"column":4},"end":{"line":302,"column":32}},"88":{"start":{"line":303,"column":4},"end":{"line":303,"column":22}},"89":{"start":{"line":306,"column":18},"end":{"line":306,"column":42}},"90":{"start":{"line":308,"column":4},"end":{"line":311,"column":7}},"91":{"start":{"line":313,"column":4},"end":{"line":313,"column":16}},"92":{"start":{"line":322,"column":0},"end":{"line":345,"column":2}},"93":{"start":{"line":323,"column":2},"end":{"line":344,"column":3}},"94":{"start":{"line":324,"column":17},"end":{"line":324,"column":62}},"95":{"start":{"line":326,"column":4},"end":{"line":328,"column":5}},"96":{"start":{"line":327,"column":6},"end":{"line":327,"column":60}},"97":{"start":{"line":331,"column":23},"end":{"line":331,"column":51}},"98":{"start":{"line":332,"column":4},"end":{"line":332,"column":51}},"99":{"start":{"line":336,"column":4},"end":{"line":341,"column":7}},"100":{"start":{"line":343,"column":4},"end":{"line":343,"column":16}},"101":{"start":{"line":352,"column":0},"end":{"line":385,"column":2}},"102":{"start":{"line":353,"column":2},"end":{"line":384,"column":3}},"103":{"start":{"line":355,"column":31},"end":{"line":358,"column":20}},"104":{"start":{"line":360,"column":17},"end":{"line":363,"column":6}},"105":{"start":{"line":365,"column":4},"end":{"line":367,"column":5}},"106":{"start":{"line":366,"column":6},"end":{"line":366,"column":72}},"107":{"start":{"line":370,"column":4},"end":{"line":370,"column":38}},"108":{"start":{"line":371,"column":4},"end":{"line":371,"column":40}},"109":{"start":{"line":372,"column":4},"end":{"line":372,"column":41}},"110":{"start":{"line":373,"column":4},"end":{"line":373,"column":22}},"111":{"start":{"line":376,"column":18},"end":{"line":376,"column":42}},"112":{"start":{"line":378,"column":4},"end":{"line":381,"column":7}},"113":{"start":{"line":383,"column":4},"end":{"line":383,"column":16}}},"fnMap":{"0":{"name":"(anonymous_0)","decl":{"start":{"line":10,"column":19},"end":{"line":10,"column":20}},"loc":{"start":{"line":10,"column":45},"end":{"line":95,"column":1}},"line":10},"1":{"name":"(anonymous_1)","decl":{"start":{"line":102,"column":16},"end":{"line":102,"column":17}},"loc":{"start":{"line":102,"column":42},"end":{"line":172,"column":1}},"line":102},"2":{"name":"(anonymous_2)","decl":{"start":{"line":179,"column":17},"end":{"line":179,"column":18}},"loc":{"start":{"line":179,"column":43},"end":{"line":195,"column":1}},"line":179},"3":{"name":"(anonymous_3)","decl":{"start":{"line":202,"column":16},"end":{"line":202,"column":17}},"loc":{"start":{"line":202,"column":42},"end":{"line":240,"column":1}},"line":202},"4":{"name":"(anonymous_4)","decl":{"start":{"line":247,"column":24},"end":{"line":247,"column":25}},"loc":{"start":{"line":247,"column":50},"end":{"line":283,"column":1}},"line":247},"5":{"name":"(anonymous_5)","decl":{"start":{"line":290,"column":25},"end":{"line":290,"column":26}},"loc":{"start":{"line":290,"column":51},"end":{"line":315,"column":1}},"line":290},"6":{"name":"(anonymous_6)","decl":{"start":{"line":322,"column":25},"end":{"line":322,"column":26}},"loc":{"start":{"line":322,"column":51},"end":{"line":345,"column":1}},"line":322},"7":{"name":"(anonymous_7)","decl":{"start":{"line":352,"column":24},"end":{"line":352,"column":25}},"loc":{"start":{"line":352,"column":50},"end":{"line":385,"column":1}},"line":352}},"branchMap":{"0":{"loc":{"start":{"line":29,"column":4},"end":{"line":31,"column":5}},"type":"if","locations":[{"start":{"line":29,"column":4},"end":{"line":31,"column":5}},{"start":{},"end":{}}],"line":29},"1":{"loc":{"start":{"line":44,"column":4},"end":{"line":71,"column":5}},"type":"if","locations":[{"start":{"line":44,"column":4},"end":{"line":71,"column":5}},{"start":{},"end":{}}],"line":44},"2":{"loc":{"start":{"line":45,"column":6},"end":{"line":48,"column":7}},"type":"if","locations":[{"start":{"line":45,"column":6},"end":{"line":48,"column":7}},{"start":{},"end":{}}],"line":45},"3":{"loc":{"start":{"line":45,"column":10},"end":{"line":45,"column":51}},"type":"binary-expr","locations":[{"start":{"line":45,"column":10},"end":{"line":45,"column":20}},{"start":{"line":45,"column":24},"end":{"line":45,"column":38}},{"start":{"line":45,"column":42},"end":{"line":45,"column":51}}],"line":45},"4":{"loc":{"start":{"line":52,"column":6},"end":{"line":55,"column":7}},"type":"if","locations":[{"start":{"line":52,"column":6},"end":{"line":55,"column":7}},{"start":{},"end":{}}],"line":52},"5":{"loc":{"start":{"line":107,"column":4},"end":{"line":109,"column":5}},"type":"if","locations":[{"start":{"line":107,"column":4},"end":{"line":109,"column":5}},{"start":{},"end":{}}],"line":107},"6":{"loc":{"start":{"line":107,"column":8},"end":{"line":107,"column":27}},"type":"binary-expr","locations":[{"start":{"line":107,"column":8},"end":{"line":107,"column":14}},{"start":{"line":107,"column":18},"end":{"line":107,"column":27}}],"line":107},"7":{"loc":{"start":{"line":113,"column":4},"end":{"line":115,"column":5}},"type":"if","locations":[{"start":{"line":113,"column":4},"end":{"line":115,"column":5}},{"start":{},"end":{}}],"line":113},"8":{"loc":{"start":{"line":118,"column":4},"end":{"line":120,"column":5}},"type":"if","locations":[{"start":{"line":118,"column":4},"end":{"line":120,"column":5}},{"start":{},"end":{}}],"line":118},"9":{"loc":{"start":{"line":124,"column":4},"end":{"line":126,"column":5}},"type":"if","locations":[{"start":{"line":124,"column":4},"end":{"line":126,"column":5}},{"start":{},"end":{}}],"line":124},"10":{"loc":{"start":{"line":129,"column":4},"end":{"line":131,"column":5}},"type":"if","locations":[{"start":{"line":129,"column":4},"end":{"line":131,"column":5}},{"start":{},"end":{}}],"line":129},"11":{"loc":{"start":{"line":141,"column":4},"end":{"line":153,"column":5}},"type":"if","locations":[{"start":{"line":141,"column":4},"end":{"line":153,"column":5}},{"start":{},"end":{}}],"line":141},"12":{"loc":{"start":{"line":143,"column":6},"end":{"line":152,"column":7}},"type":"if","locations":[{"start":{"line":143,"column":6},"end":{"line":152,"column":7}},{"start":{},"end":{}}],"line":143},"13":{"loc":{"start":{"line":184,"column":4},"end":{"line":186,"column":5}},"type":"if","locations":[{"start":{"line":184,"column":4},"end":{"line":186,"column":5}},{"start":{},"end":{}}],"line":184},"14":{"loc":{"start":{"line":207,"column":4},"end":{"line":220,"column":5}},"type":"if","locations":[{"start":{"line":207,"column":4},"end":{"line":220,"column":5}},{"start":{},"end":{}}],"line":207},"15":{"loc":{"start":{"line":209,"column":6},"end":{"line":219,"column":7}},"type":"if","locations":[{"start":{"line":209,"column":6},"end":{"line":219,"column":7}},{"start":{},"end":{}}],"line":209},"16":{"loc":{"start":{"line":261,"column":4},"end":{"line":274,"column":5}},"type":"if","locations":[{"start":{"line":261,"column":4},"end":{"line":274,"column":5}},{"start":{},"end":{}}],"line":261},"17":{"loc":{"start":{"line":261,"column":8},"end":{"line":261,"column":83}},"type":"binary-expr","locations":[{"start":{"line":261,"column":8},"end":{"line":261,"column":32}},{"start":{"line":261,"column":37},"end":{"line":261,"column":55}},{"start":{"line":261,"column":59},"end":{"line":261,"column":82}}],"line":261},"18":{"loc":{"start":{"line":263,"column":6},"end":{"line":263,"column":76}},"type":"if","locations":[{"start":{"line":263,"column":6},"end":{"line":263,"column":76}},{"start":{},"end":{}}],"line":263},"19":{"loc":{"start":{"line":264,"column":6},"end":{"line":264,"column":91}},"type":"if","locations":[{"start":{"line":264,"column":6},"end":{"line":264,"column":91}},{"start":{},"end":{}}],"line":264},"20":{"loc":{"start":{"line":265,"column":6},"end":{"line":268,"column":7}},"type":"if","locations":[{"start":{"line":265,"column":6},"end":{"line":268,"column":7}},{"start":{},"end":{}}],"line":265},"21":{"loc":{"start":{"line":298,"column":4},"end":{"line":300,"column":5}},"type":"if","locations":[{"start":{"line":298,"column":4},"end":{"line":300,"column":5}},{"start":{},"end":{}}],"line":298},"22":{"loc":{"start":{"line":326,"column":4},"end":{"line":328,"column":5}},"type":"if","locations":[{"start":{"line":326,"column":4},"end":{"line":328,"column":5}},{"start":{},"end":{}}],"line":326},"23":{"loc":{"start":{"line":365,"column":4},"end":{"line":367,"column":5}},"type":"if","locations":[{"start":{"line":365,"column":4},"end":{"line":367,"column":5}},{"start":{},"end":{}}],"line":365}},"s":{"0":0,"1":0,"2":0,"3":0,"4":0,"5":0,"6":0,"7":0,"8":0,"9":0,"10":0,"11":0,"12":0,"13":0,"14":0,"15":0,"16":0,"17":0,"18":0,"19":0,"20":0,"21":0,"22":0,"23":0,"24":0,"25":0,"26":0,"27":0,"28":0,"29":0,"30":0,"31":0,"32":0,"33":0,"34":0,"35":0,"36":0,"37":0,"38":0,"39":0,"40":0,"41":0,"42":0,"43":0,"44":0,"45":0,"46":0,"47":0,"48":0,"49":0,"50":0,"51":0,"52":0,"53":0,"54":0,"55":0,"56":0,"57":0,"58":0,"59":0,"60":0,"61":0,"62":0,"63":0,"64":0,"65":0,"66":0,"67":0,"68":0,"69":0,"70":0,"71":0,"72":0,"73":0,"74":0,"75":0,"76":0,"77":0,"78":0,"79":0,"80":0,"81":0,"82":0,"83":0,"84":0,"85":0,"86":0,"87":0,"88":0,"89":0,"90":0,"91":0,"92":0,"93":0,"94":0,"95":0,"96":0,"97":0,"98":0,"99":0,"100":0,"101":0,"102":0,"103":0,"104":0,"105":0,"106":0,"107":0,"108":0,"109":0,"110":0,"111":0,"112":0,"113":0},"f":{"0":0,"1":0,"2":0,"3":0,"4":0,"5":0,"6":0,"7":0},"b":{"0":[0,0],"1":[0,0],"2":[0,0],"3":[0,0,0],"4":[0,0],"5":[0,0],"6":[0,0],"7":[0,0],"8":[0,0],"9":[0,0],"10":[0,0],"11":[0,0],"12":[0,0],"13":[0,0],"14":[0,0],"15":[0,0],"16":[0,0],"17":[0,0,0],"18":[0,0],"19":[0,0],"20":[0,0],"21":[0,0],"22":[0,0],"23":[0,0]},"inputSourceMap":null}
,"/project/sandbox/user-workspace/backend/controllers/medicineController.js": {"path":"/project/sandbox/user-workspace/backend/controllers/medicineController.js","statementMap":{"0":{"start":{"line":8,"column":0},"end":{"line":31,"column":2}},"1":{"start":{"line":9,"column":2},"end":{"line":30,"column":3}},"2":{"start":{"line":10,"column":53},"end":{"line":10,"column":62}},"3":{"start":{"line":12,"column":22},"end":{"line":21,"column":68}},"4":{"start":{"line":23,"column":4},"end":{"line":27,"column":7}},"5":{"start":{"line":29,"column":4},"end":{"line":29,"column":16}},"6":{"start":{"line":38,"column":0},"end":{"line":85,"column":2}},"7":{"start":{"line":39,"column":2},"end":{"line":84,"column":3}},"8":{"start":{"line":47,"column":8},"end":{"line":47,"column":17}},"9":{"start":{"line":49,"column":18},"end":{"line":52,"column":5}},"10":{"start":{"line":54,"column":4},"end":{"line":56,"column":5}},"11":{"start":{"line":55,"column":6},"end":{"line":55,"column":38}},"12":{"start":{"line":58,"column":4},"end":{"line":62,"column":5}},"13":{"start":{"line":59,"column":6},"end":{"line":59,"column":23}},"14":{"start":{"line":60,"column":6},"end":{"line":60,"column":60}},"15":{"start":{"line":60,"column":20},"end":{"line":60,"column":60}},"16":{"start":{"line":61,"column":6},"end":{"line":61,"column":60}},"17":{"start":{"line":61,"column":20},"end":{"line":61,"column":60}},"18":{"start":{"line":64,"column":17},"end":{"line":64,"column":35}},"19":{"start":{"line":66,"column":21},"end":{"line":70,"column":29}},"20":{"start":{"line":72,"column":18},"end":{"line":72,"column":54}},"21":{"start":{"line":74,"column":4},"end":{"line":81,"column":7}},"22":{"start":{"line":83,"column":4},"end":{"line":83,"column":16}},"23":{"start":{"line":92,"column":0},"end":{"line":115,"column":2}},"24":{"start":{"line":93,"column":2},"end":{"line":114,"column":3}},"25":{"start":{"line":94,"column":38},"end":{"line":94,"column":47}},"26":{"start":{"line":97,"column":24},"end":{"line":105,"column":68}},"27":{"start":{"line":107,"column":4},"end":{"line":111,"column":7}},"28":{"start":{"line":113,"column":4},"end":{"line":113,"column":16}}},"fnMap":{"0":{"name":"(anonymous_0)","decl":{"start":{"line":8,"column":26},"end":{"line":8,"column":27}},"loc":{"start":{"line":8,"column":52},"end":{"line":31,"column":1}},"line":8},"1":{"name":"(anonymous_1)","decl":{"start":{"line":38,"column":24},"end":{"line":38,"column":25}},"loc":{"start":{"line":38,"column":50},"end":{"line":85,"column":1}},"line":38},"2":{"name":"(anonymous_2)","decl":{"start":{"line":92,"column":33},"end":{"line":92,"column":34}},"loc":{"start":{"line":92,"column":59},"end":{"line":115,"column":1}},"line":92}},"branchMap":{"0":{"loc":{"start":{"line":10,"column":19},"end":{"line":10,"column":48}},"type":"default-arg","locations":[{"start":{"line":10,"column":30},"end":{"line":10,"column":48}}],"line":10},"1":{"loc":{"start":{"line":44,"column":6},"end":{"line":44,"column":31}},"type":"default-arg","locations":[{"start":{"line":44,"column":13},"end":{"line":44,"column":31}}],"line":44},"2":{"loc":{"start":{"line":45,"column":6},"end":{"line":45,"column":14}},"type":"default-arg","locations":[{"start":{"line":45,"column":13},"end":{"line":45,"column":14}}],"line":45},"3":{"loc":{"start":{"line":46,"column":6},"end":{"line":46,"column":16}},"type":"default-arg","locations":[{"start":{"line":46,"column":14},"end":{"line":46,"column":16}}],"line":46},"4":{"loc":{"start":{"line":54,"column":4},"end":{"line":56,"column":5}},"type":"if","locations":[{"start":{"line":54,"column":4},"end":{"line":56,"column":5}},{"start":{},"end":{}}],"line":54},"5":{"loc":{"start":{"line":58,"column":4},"end":{"line":62,"column":5}},"type":"if","locations":[{"start":{"line":58,"column":4},"end":{"line":62,"column":5}},{"start":{},"end":{}}],"line":58},"6":{"loc":{"start":{"line":58,"column":8},"end":{"line":58,"column":28}},"type":"binary-expr","locations":[{"start":{"line":58,"column":8},"end":{"line":58,"column":16}},{"start":{"line":58,"column":20},"end":{"line":58,"column":28}}],"line":58},"7":{"loc":{"start":{"line":60,"column":6},"end":{"line":60,"column":60}},"type":"if","locations":[{"start":{"line":60,"column":6},"end":{"line":60,"column":60}},{"start":{},"end":{}}],"line":60},"8":{"loc":{"start":{"line":61,"column":6},"end":{"line":61,"column":60}},"type":"if","locations":[{"start":{"line":61,"column":6},"end":{"line":61,"column":60}},{"start":{},"end":{}}],"line":61}},"s":{"0":0,"1":0,"2":0,"3":0,"4":0,"5":0,"6":0,"7":0,"8":0,"9":0,"10":0,"11":0,"12":0,"13":0,"14":0,"15":0,"16":0,"17":0,"18":0,"19":0,"20":0,"21":0,"22":0,"23":0,"24":0,"25":0,"26":0,"27":0,"28":0},"f":{"0":0,"1":0,"2":0},"b":{"0":[0],"1":[0],"2":[0],"3":[0],"4":[0,0],"5":[0,0],"6":[0,0],"7":[0,0],"8":[0,0]},"inputSourceMap":null}
,"/project/sandbox/user-workspace/backend/controllers/orderController.js": {"path":"/project/sandbox/user-workspace/backend/controllers/orderController.js","statementMap":{"0":{"start":{"line":1,"column":14},"end":{"line":1,"column":40}},"1":{"start":{"line":2,"column":17},"end":{"line":2,"column":46}},"2":{"start":{"line":3,"column":17},"end":{"line":3,"column":46}},"3":{"start":{"line":4,"column":22},"end":{"line":4,"column":55}},"4":{"start":{"line":11,"column":0},"end":{"line":72,"column":2}},"5":{"start":{"line":12,"column":2},"end":{"line":71,"column":3}},"6":{"start":{"line":13,"column":37},"end":{"line":13,"column":45}},"7":{"start":{"line":16,"column":21},"end":{"line":20,"column":6}},"8":{"start":{"line":22,"column":4},"end":{"line":24,"column":5}},"9":{"start":{"line":23,"column":6},"end":{"line":23,"column":86}},"10":{"start":{"line":27,"column":15},"end":{"line":30,"column":6}},"11":{"start":{"line":32,"column":4},"end":{"line":39,"column":5}},"12":{"start":{"line":33,"column":6},"end":{"line":38,"column":9}},"13":{"start":{"line":42,"column":4},"end":{"line":44,"column":5}},"14":{"start":{"line":43,"column":6},"end":{"line":43,"column":90}},"15":{"start":{"line":47,"column":25},"end":{"line":49,"column":5}},"16":{"start":{"line":48,"column":14},"end":{"line":48,"column":53}},"17":{"start":{"line":51,"column":4},"end":{"line":60,"column":5}},"18":{"start":{"line":52,"column":6},"end":{"line":52,"column":40}},"19":{"start":{"line":54,"column":6},"end":{"line":59,"column":9}},"20":{"start":{"line":63,"column":4},"end":{"line":63,"column":34}},"21":{"start":{"line":65,"column":4},"end":{"line":68,"column":7}},"22":{"start":{"line":70,"column":4},"end":{"line":70,"column":16}},"23":{"start":{"line":79,"column":0},"end":{"line":93,"column":2}},"24":{"start":{"line":80,"column":2},"end":{"line":92,"column":3}},"25":{"start":{"line":81,"column":17},"end":{"line":84,"column":67}},"26":{"start":{"line":86,"column":4},"end":{"line":89,"column":7}},"27":{"start":{"line":91,"column":4},"end":{"line":91,"column":16}},"28":{"start":{"line":100,"column":0},"end":{"line":203,"column":2}},"29":{"start":{"line":101,"column":2},"end":{"line":202,"column":3}},"30":{"start":{"line":109,"column":8},"end":{"line":109,"column":16}},"31":{"start":{"line":112,"column":27},"end":{"line":116,"column":6}},"32":{"start":{"line":118,"column":4},"end":{"line":120,"column":5}},"33":{"start":{"line":119,"column":6},"end":{"line":119,"column":76}},"34":{"start":{"line":123,"column":28},"end":{"line":123,"column":85}},"35":{"start":{"line":124,"column":4},"end":{"line":126,"column":5}},"36":{"start":{"line":125,"column":6},"end":{"line":125,"column":87}},"37":{"start":{"line":129,"column":22},"end":{"line":129,"column":23}},"38":{"start":{"line":130,"column":27},"end":{"line":130,"column":28}},"39":{"start":{"line":132,"column":27},"end":{"line":157,"column":7}},"40":{"start":{"line":133,"column":23},"end":{"line":133,"column":61}},"41":{"start":{"line":135,"column":6},"end":{"line":137,"column":7}},"42":{"start":{"line":136,"column":8},"end":{"line":136,"column":88}},"43":{"start":{"line":139,"column":6},"end":{"line":141,"column":7}},"44":{"start":{"line":140,"column":8},"end":{"line":140,"column":112}},"45":{"start":{"line":143,"column":6},"end":{"line":145,"column":7}},"46":{"start":{"line":144,"column":8},"end":{"line":144,"column":86}},"47":{"start":{"line":147,"column":6},"end":{"line":147,"column":52}},"48":{"start":{"line":148,"column":6},"end":{"line":148,"column":87}},"49":{"start":{"line":150,"column":6},"end":{"line":156,"column":8}},"50":{"start":{"line":160,"column":27},"end":{"line":160,"column":80}},"51":{"start":{"line":163,"column":18},"end":{"line":178,"column":6}},"52":{"start":{"line":181,"column":4},"end":{"line":183,"column":5}},"53":{"start":{"line":182,"column":6},"end":{"line":182,"column":45}},"54":{"start":{"line":186,"column":4},"end":{"line":188,"column":5}},"55":{"start":{"line":187,"column":6},"end":{"line":187,"column":47}},"56":{"start":{"line":191,"column":4},"end":{"line":191,"column":68}},"57":{"start":{"line":194,"column":4},"end":{"line":194,"column":64}},"58":{"start":{"line":196,"column":4},"end":{"line":199,"column":7}},"59":{"start":{"line":201,"column":4},"end":{"line":201,"column":16}},"60":{"start":{"line":210,"column":0},"end":{"line":239,"column":2}},"61":{"start":{"line":211,"column":2},"end":{"line":238,"column":3}},"62":{"start":{"line":212,"column":45},"end":{"line":212,"column":54}},"63":{"start":{"line":214,"column":18},"end":{"line":214,"column":43}},"64":{"start":{"line":215,"column":4},"end":{"line":217,"column":5}},"65":{"start":{"line":216,"column":6},"end":{"line":216,"column":28}},"66":{"start":{"line":219,"column":19},"end":{"line":224,"column":29}},"67":{"start":{"line":226,"column":18},"end":{"line":226,"column":51}},"68":{"start":{"line":228,"column":4},"end":{"line":235,"column":7}},"69":{"start":{"line":237,"column":4},"end":{"line":237,"column":16}},"70":{"start":{"line":246,"column":0},"end":{"line":272,"column":2}},"71":{"start":{"line":247,"column":2},"end":{"line":271,"column":3}},"72":{"start":{"line":248,"column":18},"end":{"line":251,"column":31}},"73":{"start":{"line":253,"column":4},"end":{"line":255,"column":5}},"74":{"start":{"line":254,"column":6},"end":{"line":254,"column":61}},"75":{"start":{"line":258,"column":4},"end":{"line":263,"column":5}},"76":{"start":{"line":262,"column":6},"end":{"line":262,"column":86}},"77":{"start":{"line":265,"column":4},"end":{"line":268,"column":7}},"78":{"start":{"line":270,"column":4},"end":{"line":270,"column":16}},"79":{"start":{"line":279,"column":0},"end":{"line":314,"column":2}},"80":{"start":{"line":280,"column":2},"end":{"line":313,"column":3}},"81":{"start":{"line":281,"column":22},"end":{"line":281,"column":30}},"82":{"start":{"line":283,"column":18},"end":{"line":287,"column":6}},"83":{"start":{"line":289,"column":4},"end":{"line":291,"column":5}},"84":{"start":{"line":290,"column":6},"end":{"line":290,"column":60}},"85":{"start":{"line":294,"column":4},"end":{"line":302,"column":7}},"86":{"start":{"line":295,"column":19},"end":{"line":295,"column":48}},"87":{"start":{"line":296,"column":6},"end":{"line":301,"column":7}},"88":{"start":{"line":297,"column":8},"end":{"line":297,"column":44}},"89":{"start":{"line":298,"column":8},"end":{"line":300,"column":9}},"90":{"start":{"line":299,"column":10},"end":{"line":299,"column":46}},"91":{"start":{"line":305,"column":4},"end":{"line":305,"column":35}},"92":{"start":{"line":307,"column":4},"end":{"line":310,"column":7}},"93":{"start":{"line":312,"column":4},"end":{"line":312,"column":16}},"94":{"start":{"line":321,"column":0},"end":{"line":356,"column":2}},"95":{"start":{"line":322,"column":2},"end":{"line":355,"column":3}},"96":{"start":{"line":323,"column":18},"end":{"line":327,"column":6}},"97":{"start":{"line":329,"column":4},"end":{"line":331,"column":5}},"98":{"start":{"line":330,"column":6},"end":{"line":330,"column":84}},"99":{"start":{"line":334,"column":4},"end":{"line":338,"column":5}},"100":{"start":{"line":335,"column":6},"end":{"line":335,"column":33}},"101":{"start":{"line":336,"column":6},"end":{"line":336,"column":25}},"102":{"start":{"line":337,"column":6},"end":{"line":337,"column":79}},"103":{"start":{"line":341,"column":4},"end":{"line":341,"column":32}},"104":{"start":{"line":342,"column":4},"end":{"line":342,"column":78}},"105":{"start":{"line":345,"column":4},"end":{"line":345,"column":43}},"106":{"start":{"line":347,"column":4},"end":{"line":347,"column":23}},"107":{"start":{"line":349,"column":4},"end":{"line":352,"column":7}},"108":{"start":{"line":354,"column":4},"end":{"line":354,"column":16}},"109":{"start":{"line":363,"column":0},"end":{"line":404,"column":2}},"110":{"start":{"line":364,"column":2},"end":{"line":403,"column":3}},"111":{"start":{"line":365,"column":18},"end":{"line":365,"column":53}},"112":{"start":{"line":367,"column":4},"end":{"line":369,"column":5}},"113":{"start":{"line":368,"column":6},"end":{"line":368,"column":61}},"114":{"start":{"line":372,"column":4},"end":{"line":377,"column":5}},"115":{"start":{"line":376,"column":6},"end":{"line":376,"column":86}},"116":{"start":{"line":380,"column":32},"end":{"line":380,"column":78}},"117":{"start":{"line":381,"column":4},"end":{"line":383,"column":5}},"118":{"start":{"line":382,"column":6},"end":{"line":382,"column":87}},"119":{"start":{"line":386,"column":4},"end":{"line":386,"column":31}},"120":{"start":{"line":387,"column":4},"end":{"line":387,"column":51}},"121":{"start":{"line":388,"column":4},"end":{"line":388,"column":63}},"122":{"start":{"line":391,"column":4},"end":{"line":393,"column":5}},"123":{"start":{"line":392,"column":6},"end":{"line":392,"column":46}},"124":{"start":{"line":395,"column":4},"end":{"line":395,"column":23}},"125":{"start":{"line":397,"column":4},"end":{"line":400,"column":7}},"126":{"start":{"line":402,"column":4},"end":{"line":402,"column":16}},"127":{"start":{"line":414,"column":32},"end":{"line":418,"column":1}},"128":{"start":{"line":416,"column":21},"end":{"line":416,"column":23}},"129":{"start":{"line":417,"column":2},"end":{"line":417,"column":44}},"130":{"start":{"line":424,"column":28},"end":{"line":432,"column":1}},"131":{"start":{"line":425,"column":2},"end":{"line":431,"column":3}},"132":{"start":{"line":426,"column":4},"end":{"line":430,"column":5}},"133":{"start":{"line":427,"column":6},"end":{"line":429,"column":9}},"134":{"start":{"line":438,"column":29},"end":{"line":446,"column":1}},"135":{"start":{"line":439,"column":2},"end":{"line":445,"column":3}},"136":{"start":{"line":440,"column":4},"end":{"line":444,"column":5}},"137":{"start":{"line":441,"column":6},"end":{"line":443,"column":9}},"138":{"start":{"line":448,"column":0},"end":{"line":448,"column":25}}},"fnMap":{"0":{"name":"(anonymous_0)","decl":{"start":{"line":11,"column":20},"end":{"line":11,"column":21}},"loc":{"start":{"line":11,"column":46},"end":{"line":72,"column":1}},"line":11},"1":{"name":"(anonymous_1)","decl":{"start":{"line":48,"column":6},"end":{"line":48,"column":7}},"loc":{"start":{"line":48,"column":14},"end":{"line":48,"column":53}},"line":48},"2":{"name":"(anonymous_2)","decl":{"start":{"line":79,"column":18},"end":{"line":79,"column":19}},"loc":{"start":{"line":79,"column":44},"end":{"line":93,"column":1}},"line":79},"3":{"name":"(anonymous_3)","decl":{"start":{"line":100,"column":22},"end":{"line":100,"column":23}},"loc":{"start":{"line":100,"column":48},"end":{"line":203,"column":1}},"line":100},"4":{"name":"(anonymous_4)","decl":{"start":{"line":132,"column":55},"end":{"line":132,"column":56}},"loc":{"start":{"line":132,"column":71},"end":{"line":157,"column":5}},"line":132},"5":{"name":"(anonymous_5)","decl":{"start":{"line":210,"column":28},"end":{"line":210,"column":29}},"loc":{"start":{"line":210,"column":54},"end":{"line":239,"column":1}},"line":210},"6":{"name":"(anonymous_6)","decl":{"start":{"line":246,"column":19},"end":{"line":246,"column":20}},"loc":{"start":{"line":246,"column":45},"end":{"line":272,"column":1}},"line":246},"7":{"name":"(anonymous_7)","decl":{"start":{"line":279,"column":21},"end":{"line":279,"column":22}},"loc":{"start":{"line":279,"column":47},"end":{"line":314,"column":1}},"line":279},"8":{"name":"(anonymous_8)","decl":{"start":{"line":294,"column":18},"end":{"line":294,"column":19}},"loc":{"start":{"line":294,"column":32},"end":{"line":302,"column":5}},"line":294},"9":{"name":"(anonymous_9)","decl":{"start":{"line":321,"column":23},"end":{"line":321,"column":24}},"loc":{"start":{"line":321,"column":49},"end":{"line":356,"column":1}},"line":321},"10":{"name":"(anonymous_10)","decl":{"start":{"line":363,"column":22},"end":{"line":363,"column":23}},"loc":{"start":{"line":363,"column":48},"end":{"line":404,"column":1}},"line":363},"11":{"name":"(anonymous_11)","decl":{"start":{"line":414,"column":32},"end":{"line":414,"column":33}},"loc":{"start":{"line":414,"column":66},"end":{"line":418,"column":1}},"line":414},"12":{"name":"(anonymous_12)","decl":{"start":{"line":424,"column":28},"end":{"line":424,"column":29}},"loc":{"start":{"line":424,"column":45},"end":{"line":432,"column":1}},"line":424},"13":{"name":"(anonymous_13)","decl":{"start":{"line":438,"column":29},"end":{"line":438,"column":30}},"loc":{"start":{"line":438,"column":46},"end":{"line":446,"column":1}},"line":438}},"branchMap":{"0":{"loc":{"start":{"line":22,"column":4},"end":{"line":24,"column":5}},"type":"if","locations":[{"start":{"line":22,"column":4},"end":{"line":24,"column":5}},{"start":{},"end":{}}],"line":22},"1":{"loc":{"start":{"line":32,"column":4},"end":{"line":39,"column":5}},"type":"if","locations":[{"start":{"line":32,"column":4},"end":{"line":39,"column":5}},{"start":{},"end":{}}],"line":32},"2":{"loc":{"start":{"line":42,"column":4},"end":{"line":44,"column":5}},"type":"if","locations":[{"start":{"line":42,"column":4},"end":{"line":44,"column":5}},{"start":{},"end":{}}],"line":42},"3":{"loc":{"start":{"line":51,"column":4},"end":{"line":60,"column":5}},"type":"if","locations":[{"start":{"line":51,"column":4},"end":{"line":60,"column":5}},{"start":{"line":53,"column":11},"end":{"line":60,"column":5}}],"line":51},"4":{"loc":{"start":{"line":88,"column":12},"end":{"line":88,"column":33}},"type":"binary-expr","locations":[{"start":{"line":88,"column":12},"end":{"line":88,"column":16}},{"start":{"line":88,"column":20},"end":{"line":88,"column":33}}],"line":88},"5":{"loc":{"start":{"line":118,"column":4},"end":{"line":120,"column":5}},"type":"if","locations":[{"start":{"line":118,"column":4},"end":{"line":120,"column":5}},{"start":{},"end":{}}],"line":118},"6":{"loc":{"start":{"line":124,"column":4},"end":{"line":126,"column":5}},"type":"if","locations":[{"start":{"line":124,"column":4},"end":{"line":126,"column":5}},{"start":{},"end":{}}],"line":124},"7":{"loc":{"start":{"line":135,"column":6},"end":{"line":137,"column":7}},"type":"if","locations":[{"start":{"line":135,"column":6},"end":{"line":137,"column":7}},{"start":{},"end":{}}],"line":135},"8":{"loc":{"start":{"line":139,"column":6},"end":{"line":141,"column":7}},"type":"if","locations":[{"start":{"line":139,"column":6},"end":{"line":141,"column":7}},{"start":{},"end":{}}],"line":139},"9":{"loc":{"start":{"line":143,"column":6},"end":{"line":145,"column":7}},"type":"if","locations":[{"start":{"line":143,"column":6},"end":{"line":145,"column":7}},{"start":{},"end":{}}],"line":143},"10":{"loc":{"start":{"line":148,"column":27},"end":{"line":148,"column":69}},"type":"binary-expr","locations":[{"start":{"line":148,"column":27},"end":{"line":148,"column":51}},{"start":{"line":148,"column":55},"end":{"line":148,"column":69}}],"line":148},"11":{"loc":{"start":{"line":177,"column":14},"end":{"line":177,"column":60}},"type":"cond-expr","locations":[{"start":{"line":177,"column":29},"end":{"line":177,"column":47}},{"start":{"line":177,"column":50},"end":{"line":177,"column":60}}],"line":177},"12":{"loc":{"start":{"line":181,"column":4},"end":{"line":183,"column":5}},"type":"if","locations":[{"start":{"line":181,"column":4},"end":{"line":183,"column":5}},{"start":{},"end":{}}],"line":181},"13":{"loc":{"start":{"line":186,"column":4},"end":{"line":188,"column":5}},"type":"if","locations":[{"start":{"line":186,"column":4},"end":{"line":188,"column":5}},{"start":{},"end":{}}],"line":186},"14":{"loc":{"start":{"line":212,"column":20},"end":{"line":212,"column":28}},"type":"default-arg","locations":[{"start":{"line":212,"column":27},"end":{"line":212,"column":28}}],"line":212},"15":{"loc":{"start":{"line":212,"column":30},"end":{"line":212,"column":40}},"type":"default-arg","locations":[{"start":{"line":212,"column":38},"end":{"line":212,"column":40}}],"line":212},"16":{"loc":{"start":{"line":215,"column":4},"end":{"line":217,"column":5}},"type":"if","locations":[{"start":{"line":215,"column":4},"end":{"line":217,"column":5}},{"start":{},"end":{}}],"line":215},"17":{"loc":{"start":{"line":253,"column":4},"end":{"line":255,"column":5}},"type":"if","locations":[{"start":{"line":253,"column":4},"end":{"line":255,"column":5}},{"start":{},"end":{}}],"line":253},"18":{"loc":{"start":{"line":258,"column":4},"end":{"line":263,"column":5}},"type":"if","locations":[{"start":{"line":258,"column":4},"end":{"line":263,"column":5}},{"start":{},"end":{}}],"line":258},"19":{"loc":{"start":{"line":259,"column":6},"end":{"line":260,"column":47}},"type":"binary-expr","locations":[{"start":{"line":259,"column":6},"end":{"line":259,"column":47}},{"start":{"line":260,"column":6},"end":{"line":260,"column":47}}],"line":259},"20":{"loc":{"start":{"line":289,"column":4},"end":{"line":291,"column":5}},"type":"if","locations":[{"start":{"line":289,"column":4},"end":{"line":291,"column":5}},{"start":{},"end":{}}],"line":289},"21":{"loc":{"start":{"line":296,"column":6},"end":{"line":301,"column":7}},"type":"if","locations":[{"start":{"line":296,"column":6},"end":{"line":301,"column":7}},{"start":{},"end":{}}],"line":296},"22":{"loc":{"start":{"line":298,"column":8},"end":{"line":300,"column":9}},"type":"if","locations":[{"start":{"line":298,"column":8},"end":{"line":300,"column":9}},{"start":{},"end":{}}],"line":298},"23":{"loc":{"start":{"line":329,"column":4},"end":{"line":331,"column":5}},"type":"if","locations":[{"start":{"line":329,"column":4},"end":{"line":331,"column":5}},{"start":{},"end":{}}],"line":329},"24":{"loc":{"start":{"line":334,"column":4},"end":{"line":338,"column":5}},"type":"if","locations":[{"start":{"line":334,"column":4},"end":{"line":338,"column":5}},{"start":{},"end":{}}],"line":334},"25":{"loc":{"start":{"line":367,"column":4},"end":{"line":369,"column":5}},"type":"if","locations":[{"start":{"line":367,"column":4},"end":{"line":369,"column":5}},{"start":{},"end":{}}],"line":367},"26":{"loc":{"start":{"line":372,"column":4},"end":{"line":377,"column":5}},"type":"if","locations":[{"start":{"line":372,"column":4},"end":{"line":377,"column":5}},{"start":{},"end":{}}],"line":372},"27":{"loc":{"start":{"line":373,"column":6},"end":{"line":374,"column":47}},"type":"binary-expr","locations":[{"start":{"line":373,"column":6},"end":{"line":373,"column":47}},{"start":{"line":374,"column":6},"end":{"line":374,"column":47}}],"line":373},"28":{"loc":{"start":{"line":381,"column":4},"end":{"line":383,"column":5}},"type":"if","locations":[{"start":{"line":381,"column":4},"end":{"line":383,"column":5}},{"start":{},"end":{}}],"line":381},"29":{"loc":{"start":{"line":391,"column":4},"end":{"line":393,"column":5}},"type":"if","locations":[{"start":{"line":391,"column":4},"end":{"line":393,"column":5}},{"start":{},"end":{}}],"line":391},"30":{"loc":{"start":{"line":417,"column":9},"end":{"line":417,"column":43}},"type":"cond-expr","locations":[{"start":{"line":417,"column":29},"end":{"line":417,"column":30}},{"start":{"line":417,"column":33},"end":{"line":417,"column":43}}],"line":417},"31":{"loc":{"start":{"line":426,"column":4},"end":{"line":430,"column":5}},"type":"if","locations":[{"start":{"line":426,"column":4},"end":{"line":430,"column":5}},{"start":{},"end":{}}],"line":426},"32":{"loc":{"start":{"line":440,"column":4},"end":{"line":444,"column":5}},"type":"if","locations":[{"start":{"line":440,"column":4},"end":{"line":444,"column":5}},{"start":{},"end":{}}],"line":440}},"s":{"0":0,"1":0,"2":0,"3":0,"4":0,"5":0,"6":0,"7":0,"8":0,"9":0,"10":0,"11":0,"12":0,"13":0,"14":0,"15":0,"16":0,"17":0,"18":0,"19":0,"20":0,"21":0,"22":0,"23":0,"24":0,"25":0,"26":0,"27":0,"28":0,"29":0,"30":0,"31":0,"32":0,"33":0,"34":0,"35":0,"36":0,"37":0,"38":0,"39":0,"40":0,"41":0,"42":0,"43":0,"44":0,"45":0,"46":0,"47":0,"48":0,"49":0,"50":0,"51":0,"52":0,"53":0,"54":0,"55":0,"56":0,"57":0,"58":0,"59":0,"60":0,"61":0,"62":0,"63":0,"64":0,"65":0,"66":0,"67":0,"68":0,"69":0,"70":0,"71":0,"72":0,"73":0,"74":0,"75":0,"76":0,"77":0,"78":0,"79":0,"80":0,"81":0,"82":0,"83":0,"84":0,"85":0,"86":0,"87":0,"88":0,"89":0,"90":0,"91":0,"92":0,"93":0,"94":0,"95":0,"96":0,"97":0,"98":0,"99":0,"100":0,"101":0,"102":0,"103":0,"104":0,"105":0,"106":0,"107":0,"108":0,"109":0,"110":0,"111":0,"112":0,"113":0,"114":0,"115":0,"116":0,"117":0,"118":0,"119":0,"120":0,"121":0,"122":0,"123":0,"124":0,"125":0,"126":0,"127":0,"128":0,"129":0,"130":0,"131":0,"132":0,"133":0,"134":0,"135":0,"136":0,"137":0,"138":0},"f":{"0":0,"1":0,"2":0,"3":0,"4":0,"5":0,"6":0,"7":0,"8":0,"9":0,"10":0,"11":0,"12":0,"13":0},"b":{"0":[0,0],"1":[0,0],"2":[0,0],"3":[0,0],"4":[0,0],"5":[0,0],"6":[0,0],"7":[0,0],"8":[0,0],"9":[0,0],"10":[0,0],"11":[0,0],"12":[0,0],"13":[0,0],"14":[0],"15":[0],"16":[0,0],"17":[0,0],"18":[0,0],"19":[0,0],"20":[0,0],"21":[0,0],"22":[0,0],"23":[0,0],"24":[0,0],"25":[0,0],"26":[0,0],"27":[0,0],"28":[0,0],"29":[0,0],"30":[0,0],"31":[0,0],"32":[0,0]},"inputSourceMap":null}
,"/project/sandbox/user-workspace/backend/controllers/pharmacyController.js": {"path":"/project/sandbox/user-workspace/backend/controllers/pharmacyController.js","statementMap":{"0":{"start":{"line":1,"column":17},"end":{"line":1,"column":46}},"1":{"start":{"line":2,"column":17},"end":{"line":2,"column":46}},"2":{"start":{"line":3,"column":14},"end":{"line":3,"column":40}},"3":{"start":{"line":4,"column":22},"end":{"line":4,"column":55}},"4":{"start":{"line":11,"column":0},"end":{"line":46,"column":2}},"5":{"start":{"line":12,"column":2},"end":{"line":45,"column":3}},"6":{"start":{"line":13,"column":52},"end":{"line":13,"column":61}},"7":{"start":{"line":15,"column":16},"end":{"line":15,"column":18}},"8":{"start":{"line":18,"column":4},"end":{"line":28,"column":5}},"9":{"start":{"line":19,"column":6},"end":{"line":27,"column":8}},"10":{"start":{"line":31,"column":4},"end":{"line":31,"column":28}},"11":{"start":{"line":32,"column":4},"end":{"line":32,"column":42}},"12":{"start":{"line":34,"column":23},"end":{"line":36,"column":39}},"13":{"start":{"line":38,"column":4},"end":{"line":42,"column":7}},"14":{"start":{"line":44,"column":4},"end":{"line":44,"column":16}},"15":{"start":{"line":53,"column":0},"end":{"line":70,"column":2}},"16":{"start":{"line":54,"column":2},"end":{"line":69,"column":3}},"17":{"start":{"line":55,"column":21},"end":{"line":57,"column":39}},"18":{"start":{"line":59,"column":4},"end":{"line":61,"column":5}},"19":{"start":{"line":60,"column":6},"end":{"line":60,"column":64}},"20":{"start":{"line":63,"column":4},"end":{"line":66,"column":7}},"21":{"start":{"line":68,"column":4},"end":{"line":68,"column":16}},"22":{"start":{"line":77,"column":0},"end":{"line":115,"column":2}},"23":{"start":{"line":78,"column":2},"end":{"line":114,"column":3}},"24":{"start":{"line":79,"column":27},"end":{"line":86,"column":5}},"25":{"start":{"line":88,"column":20},"end":{"line":88,"column":22}},"26":{"start":{"line":89,"column":4},"end":{"line":93,"column":7}},"27":{"start":{"line":90,"column":6},"end":{"line":92,"column":7}},"28":{"start":{"line":91,"column":8},"end":{"line":91,"column":37}},"29":{"start":{"line":95,"column":21},"end":{"line":102,"column":5}},"30":{"start":{"line":104,"column":4},"end":{"line":106,"column":5}},"31":{"start":{"line":105,"column":6},"end":{"line":105,"column":72}},"32":{"start":{"line":108,"column":4},"end":{"line":111,"column":7}},"33":{"start":{"line":113,"column":4},"end":{"line":113,"column":16}},"34":{"start":{"line":122,"column":0},"end":{"line":176,"column":2}},"35":{"start":{"line":123,"column":2},"end":{"line":175,"column":3}},"36":{"start":{"line":124,"column":21},"end":{"line":124,"column":66}},"37":{"start":{"line":126,"column":4},"end":{"line":128,"column":5}},"38":{"start":{"line":127,"column":6},"end":{"line":127,"column":72}},"39":{"start":{"line":131,"column":18},"end":{"line":131,"column":28}},"40":{"start":{"line":132,"column":4},"end":{"line":132,"column":31}},"41":{"start":{"line":135,"column":23},"end":{"line":149,"column":6}},"42":{"start":{"line":152,"column":30},"end":{"line":156,"column":27}},"43":{"start":{"line":159,"column":33},"end":{"line":162,"column":6}},"44":{"start":{"line":164,"column":4},"end":{"line":172,"column":7}},"45":{"start":{"line":174,"column":4},"end":{"line":174,"column":16}},"46":{"start":{"line":183,"column":0},"end":{"line":215,"column":2}},"47":{"start":{"line":184,"column":2},"end":{"line":214,"column":3}},"48":{"start":{"line":185,"column":43},"end":{"line":185,"column":52}},"49":{"start":{"line":187,"column":16},"end":{"line":189,"column":5}},"50":{"start":{"line":191,"column":4},"end":{"line":193,"column":5}},"51":{"start":{"line":192,"column":6},"end":{"line":192,"column":28}},"52":{"start":{"line":195,"column":4},"end":{"line":200,"column":5}},"53":{"start":{"line":196,"column":6},"end":{"line":199,"column":8}},"54":{"start":{"line":202,"column":19},"end":{"line":205,"column":25}},"55":{"start":{"line":207,"column":4},"end":{"line":211,"column":7}},"56":{"start":{"line":213,"column":4},"end":{"line":213,"column":16}},"57":{"start":{"line":222,"column":0},"end":{"line":273,"column":2}},"58":{"start":{"line":223,"column":2},"end":{"line":272,"column":3}},"59":{"start":{"line":224,"column":29},"end":{"line":224,"column":37}},"60":{"start":{"line":226,"column":18},"end":{"line":229,"column":6}},"61":{"start":{"line":231,"column":4},"end":{"line":233,"column":5}},"62":{"start":{"line":232,"column":6},"end":{"line":232,"column":61}},"63":{"start":{"line":236,"column":29},"end":{"line":242,"column":5}},"64":{"start":{"line":244,"column":4},"end":{"line":246,"column":5}},"65":{"start":{"line":245,"column":6},"end":{"line":245,"column":73}},"66":{"start":{"line":249,"column":4},"end":{"line":249,"column":26}},"67":{"start":{"line":250,"column":4},"end":{"line":252,"column":5}},"68":{"start":{"line":251,"column":6},"end":{"line":251,"column":38}},"69":{"start":{"line":255,"column":4},"end":{"line":255,"column":47}},"70":{"start":{"line":258,"column":4},"end":{"line":262,"column":5}},"71":{"start":{"line":259,"column":6},"end":{"line":259,"column":55}},"72":{"start":{"line":260,"column":11},"end":{"line":262,"column":5}},"73":{"start":{"line":261,"column":6},"end":{"line":261,"column":55}},"74":{"start":{"line":264,"column":4},"end":{"line":264,"column":23}},"75":{"start":{"line":266,"column":4},"end":{"line":269,"column":7}},"76":{"start":{"line":271,"column":4},"end":{"line":271,"column":16}},"77":{"start":{"line":280,"column":0},"end":{"line":327,"column":2}},"78":{"start":{"line":281,"column":2},"end":{"line":326,"column":3}},"79":{"start":{"line":282,"column":32},"end":{"line":282,"column":40}},"80":{"start":{"line":284,"column":21},"end":{"line":284,"column":59}},"81":{"start":{"line":286,"column":4},"end":{"line":288,"column":5}},"82":{"start":{"line":287,"column":6},"end":{"line":287,"column":64}},"83":{"start":{"line":291,"column":23},"end":{"line":295,"column":6}},"84":{"start":{"line":297,"column":4},"end":{"line":299,"column":5}},"85":{"start":{"line":298,"column":6},"end":{"line":298,"column":100}},"86":{"start":{"line":302,"column":27},"end":{"line":304,"column":5}},"87":{"start":{"line":303,"column":16},"end":{"line":303,"column":54}},"88":{"start":{"line":306,"column":4},"end":{"line":308,"column":5}},"89":{"start":{"line":307,"column":6},"end":{"line":307,"column":87}},"90":{"start":{"line":311,"column":4},"end":{"line":315,"column":7}},"91":{"start":{"line":318,"column":4},"end":{"line":318,"column":40}},"92":{"start":{"line":320,"column":4},"end":{"line":323,"column":7}},"93":{"start":{"line":325,"column":4},"end":{"line":325,"column":16}},"94":{"start":{"line":334,"column":0},"end":{"line":355,"column":2}},"95":{"start":{"line":335,"column":2},"end":{"line":354,"column":3}},"96":{"start":{"line":336,"column":21},"end":{"line":338,"column":39}},"97":{"start":{"line":340,"column":4},"end":{"line":342,"column":5}},"98":{"start":{"line":341,"column":6},"end":{"line":341,"column":64}},"99":{"start":{"line":344,"column":4},"end":{"line":351,"column":7}},"100":{"start":{"line":353,"column":4},"end":{"line":353,"column":16}}},"fnMap":{"0":{"name":"(anonymous_0)","decl":{"start":{"line":11,"column":24},"end":{"line":11,"column":25}},"loc":{"start":{"line":11,"column":50},"end":{"line":46,"column":1}},"line":11},"1":{"name":"(anonymous_1)","decl":{"start":{"line":53,"column":22},"end":{"line":53,"column":23}},"loc":{"start":{"line":53,"column":48},"end":{"line":70,"column":1}},"line":53},"2":{"name":"(anonymous_2)","decl":{"start":{"line":77,"column":32},"end":{"line":77,"column":33}},"loc":{"start":{"line":77,"column":58},"end":{"line":115,"column":1}},"line":77},"3":{"name":"(anonymous_3)","decl":{"start":{"line":89,"column":34},"end":{"line":89,"column":35}},"loc":{"start":{"line":89,"column":41},"end":{"line":93,"column":5}},"line":89},"4":{"name":"(anonymous_4)","decl":{"start":{"line":122,"column":28},"end":{"line":122,"column":29}},"loc":{"start":{"line":122,"column":54},"end":{"line":176,"column":1}},"line":122},"5":{"name":"(anonymous_5)","decl":{"start":{"line":183,"column":28},"end":{"line":183,"column":29}},"loc":{"start":{"line":183,"column":54},"end":{"line":215,"column":1}},"line":183},"6":{"name":"(anonymous_6)","decl":{"start":{"line":222,"column":28},"end":{"line":222,"column":29}},"loc":{"start":{"line":222,"column":54},"end":{"line":273,"column":1}},"line":222},"7":{"name":"(anonymous_7)","decl":{"start":{"line":280,"column":25},"end":{"line":280,"column":26}},"loc":{"start":{"line":280,"column":51},"end":{"line":327,"column":1}},"line":280},"8":{"name":"(anonymous_8)","decl":{"start":{"line":303,"column":6},"end":{"line":303,"column":7}},"loc":{"start":{"line":303,"column":16},"end":{"line":303,"column":54}},"line":303},"9":{"name":"(anonymous_9)","decl":{"start":{"line":334,"column":29},"end":{"line":334,"column":30}},"loc":{"start":{"line":334,"column":55},"end":{"line":355,"column":1}},"line":334}},"branchMap":{"0":{"loc":{"start":{"line":13,"column":33},"end":{"line":13,"column":47}},"type":"default-arg","locations":[{"start":{"line":13,"column":42},"end":{"line":13,"column":47}}],"line":13},"1":{"loc":{"start":{"line":18,"column":4},"end":{"line":28,"column":5}},"type":"if","locations":[{"start":{"line":18,"column":4},"end":{"line":28,"column":5}},{"start":{},"end":{}}],"line":18},"2":{"loc":{"start":{"line":18,"column":8},"end":{"line":18,"column":29}},"type":"binary-expr","locations":[{"start":{"line":18,"column":8},"end":{"line":18,"column":16}},{"start":{"line":18,"column":20},"end":{"line":18,"column":29}}],"line":18},"3":{"loc":{"start":{"line":59,"column":4},"end":{"line":61,"column":5}},"type":"if","locations":[{"start":{"line":59,"column":4},"end":{"line":61,"column":5}},{"start":{},"end":{}}],"line":59},"4":{"loc":{"start":{"line":90,"column":6},"end":{"line":92,"column":7}},"type":"if","locations":[{"start":{"line":90,"column":6},"end":{"line":92,"column":7}},{"start":{},"end":{}}],"line":90},"5":{"loc":{"start":{"line":104,"column":4},"end":{"line":106,"column":5}},"type":"if","locations":[{"start":{"line":104,"column":4},"end":{"line":106,"column":5}},{"start":{},"end":{}}],"line":104},"6":{"loc":{"start":{"line":126,"column":4},"end":{"line":128,"column":5}},"type":"if","locations":[{"start":{"line":126,"column":4},"end":{"line":128,"column":5}},{"start":{},"end":{}}],"line":126},"7":{"loc":{"start":{"line":191,"column":4},"end":{"line":193,"column":5}},"type":"if","locations":[{"start":{"line":191,"column":4},"end":{"line":193,"column":5}},{"start":{},"end":{}}],"line":191},"8":{"loc":{"start":{"line":195,"column":4},"end":{"line":200,"column":5}},"type":"if","locations":[{"start":{"line":195,"column":4},"end":{"line":200,"column":5}},{"start":{},"end":{}}],"line":195},"9":{"loc":{"start":{"line":195,"column":8},"end":{"line":195,"column":28}},"type":"binary-expr","locations":[{"start":{"line":195,"column":8},"end":{"line":195,"column":17}},{"start":{"line":195,"column":21},"end":{"line":195,"column":28}}],"line":195},"10":{"loc":{"start":{"line":231,"column":4},"end":{"line":233,"column":5}},"type":"if","locations":[{"start":{"line":231,"column":4},"end":{"line":233,"column":5}},{"start":{},"end":{}}],"line":231},"11":{"loc":{"start":{"line":244,"column":4},"end":{"line":246,"column":5}},"type":"if","locations":[{"start":{"line":244,"column":4},"end":{"line":246,"column":5}},{"start":{},"end":{}}],"line":244},"12":{"loc":{"start":{"line":250,"column":4},"end":{"line":252,"column":5}},"type":"if","locations":[{"start":{"line":250,"column":4},"end":{"line":252,"column":5}},{"start":{},"end":{}}],"line":250},"13":{"loc":{"start":{"line":258,"column":4},"end":{"line":262,"column":5}},"type":"if","locations":[{"start":{"line":258,"column":4},"end":{"line":262,"column":5}},{"start":{"line":260,"column":11},"end":{"line":262,"column":5}}],"line":258},"14":{"loc":{"start":{"line":260,"column":11},"end":{"line":262,"column":5}},"type":"if","locations":[{"start":{"line":260,"column":11},"end":{"line":262,"column":5}},{"start":{},"end":{}}],"line":260},"15":{"loc":{"start":{"line":286,"column":4},"end":{"line":288,"column":5}},"type":"if","locations":[{"start":{"line":286,"column":4},"end":{"line":288,"column":5}},{"start":{},"end":{}}],"line":286},"16":{"loc":{"start":{"line":297,"column":4},"end":{"line":299,"column":5}},"type":"if","locations":[{"start":{"line":297,"column":4},"end":{"line":299,"column":5}},{"start":{},"end":{}}],"line":297},"17":{"loc":{"start":{"line":306,"column":4},"end":{"line":308,"column":5}},"type":"if","locations":[{"start":{"line":306,"column":4},"end":{"line":308,"column":5}},{"start":{},"end":{}}],"line":306},"18":{"loc":{"start":{"line":340,"column":4},"end":{"line":342,"column":5}},"type":"if","locations":[{"start":{"line":340,"column":4},"end":{"line":342,"column":5}},{"start":{},"end":{}}],"line":340}},"s":{"0":0,"1":0,"2":0,"3":0,"4":0,"5":0,"6":0,"7":0,"8":0,"9":0,"10":0,"11":0,"12":0,"13":0,"14":0,"15":0,"16":0,"17":0,"18":0,"19":0,"20":0,"21":0,"22":0,"23":0,"24":0,"25":0,"26":0,"27":0,"28":0,"29":0,"30":0,"31":0,"32":0,"33":0,"34":0,"35":0,"36":0,"37":0,"38":0,"39":0,"40":0,"41":0,"42":0,"43":0,"44":0,"45":0,"46":0,"47":0,"48":0,"49":0,"50":0,"51":0,"52":0,"53":0,"54":0,"55":0,"56":0,"57":0,"58":0,"59":0,"60":0,"61":0,"62":0,"63":0,"64":0,"65":0,"66":0,"67":0,"68":0,"69":0,"70":0,"71":0,"72":0,"73":0,"74":0,"75":0,"76":0,"77":0,"78":0,"79":0,"80":0,"81":0,"82":0,"83":0,"84":0,"85":0,"86":0,"87":0,"88":0,"89":0,"90":0,"91":0,"92":0,"93":0,"94":0,"95":0,"96":0,"97":0,"98":0,"99":0,"100":0},"f":{"0":0,"1":0,"2":0,"3":0,"4":0,"5":0,"6":0,"7":0,"8":0,"9":0},"b":{"0":[0],"1":[0,0],"2":[0,0],"3":[0,0],"4":[0,0],"5":[0,0],"6":[0,0],"7":[0,0],"8":[0,0],"9":[0,0],"10":[0,0],"11":[0,0],"12":[0,0],"13":[0,0],"14":[0,0],"15":[0,0],"16":[0,0],"17":[0,0],"18":[0,0]},"inputSourceMap":null}
,"/project/sandbox/user-workspace/backend/controllers/prescriptionController.js": {"path":"/project/sandbox/user-workspace/backend/controllers/prescriptionController.js","statementMap":{"0":{"start":{"line":1,"column":21},"end":{"line":1,"column":54}},"1":{"start":{"line":2,"column":14},"end":{"line":2,"column":40}},"2":{"start":{"line":3,"column":17},"end":{"line":3,"column":46}},"3":{"start":{"line":4,"column":22},"end":{"line":4,"column":55}},"4":{"start":{"line":5,"column":20},"end":{"line":5,"column":51}},"5":{"start":{"line":12,"column":0},"end":{"line":67,"column":2}},"6":{"start":{"line":13,"column":2},"end":{"line":66,"column":3}},"7":{"start":{"line":21,"column":8},"end":{"line":21,"column":16}},"8":{"start":{"line":24,"column":4},"end":{"line":26,"column":5}},"9":{"start":{"line":25,"column":6},"end":{"line":25,"column":81}},"10":{"start":{"line":29,"column":27},"end":{"line":37,"column":5}},"11":{"start":{"line":31,"column":29},"end":{"line":31,"column":80}},"12":{"start":{"line":32,"column":8},"end":{"line":35,"column":10}},"13":{"start":{"line":40,"column":25},"end":{"line":49,"column":6}},"14":{"start":{"line":52,"column":4},"end":{"line":56,"column":7}},"15":{"start":{"line":58,"column":4},"end":{"line":58,"column":30}},"16":{"start":{"line":60,"column":4},"end":{"line":63,"column":7}},"17":{"start":{"line":65,"column":4},"end":{"line":65,"column":16}},"18":{"start":{"line":74,"column":0},"end":{"line":103,"column":2}},"19":{"start":{"line":75,"column":2},"end":{"line":102,"column":3}},"20":{"start":{"line":76,"column":45},"end":{"line":76,"column":54}},"21":{"start":{"line":78,"column":18},"end":{"line":78,"column":43}},"22":{"start":{"line":79,"column":4},"end":{"line":81,"column":5}},"23":{"start":{"line":80,"column":6},"end":{"line":80,"column":28}},"24":{"start":{"line":83,"column":26},"end":{"line":88,"column":29}},"25":{"start":{"line":90,"column":18},"end":{"line":90,"column":58}},"26":{"start":{"line":92,"column":4},"end":{"line":99,"column":7}},"27":{"start":{"line":101,"column":4},"end":{"line":101,"column":16}},"28":{"start":{"line":110,"column":0},"end":{"line":139,"column":2}},"29":{"start":{"line":111,"column":2},"end":{"line":138,"column":3}},"30":{"start":{"line":112,"column":45},"end":{"line":112,"column":54}},"31":{"start":{"line":114,"column":18},"end":{"line":114,"column":48}},"32":{"start":{"line":115,"column":4},"end":{"line":117,"column":5}},"33":{"start":{"line":116,"column":6},"end":{"line":116,"column":28}},"34":{"start":{"line":119,"column":26},"end":{"line":124,"column":29}},"35":{"start":{"line":126,"column":18},"end":{"line":126,"column":58}},"36":{"start":{"line":128,"column":4},"end":{"line":135,"column":7}},"37":{"start":{"line":137,"column":4},"end":{"line":137,"column":16}},"38":{"start":{"line":146,"column":0},"end":{"line":235,"column":2}},"39":{"start":{"line":147,"column":2},"end":{"line":234,"column":3}},"40":{"start":{"line":153,"column":8},"end":{"line":153,"column":16}},"41":{"start":{"line":155,"column":25},"end":{"line":158,"column":6}},"42":{"start":{"line":160,"column":4},"end":{"line":162,"column":5}},"43":{"start":{"line":161,"column":6},"end":{"line":161,"column":68}},"44":{"start":{"line":165,"column":4},"end":{"line":165,"column":33}},"45":{"start":{"line":166,"column":4},"end":{"line":171,"column":6}},"46":{"start":{"line":174,"column":4},"end":{"line":208,"column":5}},"47":{"start":{"line":176,"column":33},"end":{"line":205,"column":9}},"48":{"start":{"line":177,"column":25},"end":{"line":180,"column":10}},"49":{"start":{"line":182,"column":8},"end":{"line":204,"column":9}},"50":{"start":{"line":183,"column":10},"end":{"line":187,"column":12}},"51":{"start":{"line":190,"column":30},"end":{"line":194,"column":12}},"52":{"start":{"line":196,"column":10},"end":{"line":203,"column":12}},"53":{"start":{"line":207,"column":6},"end":{"line":207,"column":50}},"54":{"start":{"line":211,"column":4},"end":{"line":215,"column":7}},"55":{"start":{"line":217,"column":4},"end":{"line":217,"column":30}},"56":{"start":{"line":220,"column":4},"end":{"line":226,"column":5}},"57":{"start":{"line":221,"column":20},"end":{"line":221,"column":60}},"58":{"start":{"line":222,"column":6},"end":{"line":225,"column":7}},"59":{"start":{"line":223,"column":8},"end":{"line":223,"column":34}},"60":{"start":{"line":224,"column":8},"end":{"line":224,"column":27}},"61":{"start":{"line":228,"column":4},"end":{"line":231,"column":7}},"62":{"start":{"line":233,"column":4},"end":{"line":233,"column":16}},"63":{"start":{"line":242,"column":0},"end":{"line":267,"column":2}},"64":{"start":{"line":243,"column":2},"end":{"line":266,"column":3}},"65":{"start":{"line":244,"column":25},"end":{"line":246,"column":82}},"66":{"start":{"line":248,"column":4},"end":{"line":250,"column":5}},"67":{"start":{"line":249,"column":6},"end":{"line":249,"column":68}},"68":{"start":{"line":253,"column":4},"end":{"line":258,"column":5}},"69":{"start":{"line":257,"column":6},"end":{"line":257,"column":91}},"70":{"start":{"line":260,"column":4},"end":{"line":263,"column":7}},"71":{"start":{"line":265,"column":4},"end":{"line":265,"column":16}},"72":{"start":{"line":274,"column":0},"end":{"line":320,"column":2}},"73":{"start":{"line":275,"column":2},"end":{"line":319,"column":3}},"74":{"start":{"line":276,"column":25},"end":{"line":279,"column":6}},"75":{"start":{"line":281,"column":4},"end":{"line":283,"column":5}},"76":{"start":{"line":282,"column":6},"end":{"line":282,"column":68}},"77":{"start":{"line":286,"column":4},"end":{"line":288,"column":5}},"78":{"start":{"line":287,"column":6},"end":{"line":287,"column":87}},"79":{"start":{"line":291,"column":4},"end":{"line":291,"column":39}},"80":{"start":{"line":294,"column":18},"end":{"line":299,"column":6}},"81":{"start":{"line":302,"column":4},"end":{"line":306,"column":7}},"82":{"start":{"line":308,"column":4},"end":{"line":308,"column":30}},"83":{"start":{"line":310,"column":4},"end":{"line":316,"column":7}},"84":{"start":{"line":318,"column":4},"end":{"line":318,"column":16}},"85":{"start":{"line":322,"column":0},"end":{"line":322,"column":25}}},"fnMap":{"0":{"name":"(anonymous_0)","decl":{"start":{"line":12,"column":29},"end":{"line":12,"column":30}},"loc":{"start":{"line":12,"column":55},"end":{"line":67,"column":1}},"line":12},"1":{"name":"(anonymous_1)","decl":{"start":{"line":30,"column":27},"end":{"line":30,"column":28}},"loc":{"start":{"line":30,"column":43},"end":{"line":36,"column":7}},"line":30},"2":{"name":"(anonymous_2)","decl":{"start":{"line":74,"column":35},"end":{"line":74,"column":36}},"loc":{"start":{"line":74,"column":61},"end":{"line":103,"column":1}},"line":74},"3":{"name":"(anonymous_3)","decl":{"start":{"line":110,"column":35},"end":{"line":110,"column":36}},"loc":{"start":{"line":110,"column":61},"end":{"line":139,"column":1}},"line":110},"4":{"name":"(anonymous_4)","decl":{"start":{"line":146,"column":29},"end":{"line":146,"column":30}},"loc":{"start":{"line":146,"column":55},"end":{"line":235,"column":1}},"line":146},"5":{"name":"(anonymous_5)","decl":{"start":{"line":176,"column":65},"end":{"line":176,"column":66}},"loc":{"start":{"line":176,"column":80},"end":{"line":205,"column":7}},"line":176},"6":{"name":"(anonymous_6)","decl":{"start":{"line":242,"column":35},"end":{"line":242,"column":36}},"loc":{"start":{"line":242,"column":61},"end":{"line":267,"column":1}},"line":242},"7":{"name":"(anonymous_7)","decl":{"start":{"line":274,"column":24},"end":{"line":274,"column":25}},"loc":{"start":{"line":274,"column":50},"end":{"line":320,"column":1}},"line":274}},"branchMap":{"0":{"loc":{"start":{"line":24,"column":4},"end":{"line":26,"column":5}},"type":"if","locations":[{"start":{"line":24,"column":4},"end":{"line":26,"column":5}},{"start":{},"end":{}}],"line":24},"1":{"loc":{"start":{"line":24,"column":8},"end":{"line":24,"column":39}},"type":"binary-expr","locations":[{"start":{"line":24,"column":8},"end":{"line":24,"column":18}},{"start":{"line":24,"column":22},"end":{"line":24,"column":39}}],"line":24},"2":{"loc":{"start":{"line":47,"column":19},"end":{"line":47,"column":39}},"type":"binary-expr","locations":[{"start":{"line":47,"column":19},"end":{"line":47,"column":30}},{"start":{"line":47,"column":34},"end":{"line":47,"column":39}}],"line":47},"3":{"loc":{"start":{"line":48,"column":24},"end":{"line":48,"column":66}},"type":"cond-expr","locations":[{"start":{"line":48,"column":38},"end":{"line":48,"column":54}},{"start":{"line":48,"column":57},"end":{"line":48,"column":66}}],"line":48},"4":{"loc":{"start":{"line":76,"column":20},"end":{"line":76,"column":28}},"type":"default-arg","locations":[{"start":{"line":76,"column":27},"end":{"line":76,"column":28}}],"line":76},"5":{"loc":{"start":{"line":76,"column":30},"end":{"line":76,"column":40}},"type":"default-arg","locations":[{"start":{"line":76,"column":38},"end":{"line":76,"column":40}}],"line":76},"6":{"loc":{"start":{"line":79,"column":4},"end":{"line":81,"column":5}},"type":"if","locations":[{"start":{"line":79,"column":4},"end":{"line":81,"column":5}},{"start":{},"end":{}}],"line":79},"7":{"loc":{"start":{"line":112,"column":20},"end":{"line":112,"column":28}},"type":"default-arg","locations":[{"start":{"line":112,"column":27},"end":{"line":112,"column":28}}],"line":112},"8":{"loc":{"start":{"line":112,"column":30},"end":{"line":112,"column":40}},"type":"default-arg","locations":[{"start":{"line":112,"column":38},"end":{"line":112,"column":40}}],"line":112},"9":{"loc":{"start":{"line":115,"column":4},"end":{"line":117,"column":5}},"type":"if","locations":[{"start":{"line":115,"column":4},"end":{"line":117,"column":5}},{"start":{},"end":{}}],"line":115},"10":{"loc":{"start":{"line":160,"column":4},"end":{"line":162,"column":5}},"type":"if","locations":[{"start":{"line":160,"column":4},"end":{"line":162,"column":5}},{"start":{},"end":{}}],"line":160},"11":{"loc":{"start":{"line":174,"column":4},"end":{"line":208,"column":5}},"type":"if","locations":[{"start":{"line":174,"column":4},"end":{"line":208,"column":5}},{"start":{},"end":{}}],"line":174},"12":{"loc":{"start":{"line":174,"column":8},"end":{"line":174,"column":41}},"type":"binary-expr","locations":[{"start":{"line":174,"column":8},"end":{"line":174,"column":17}},{"start":{"line":174,"column":21},"end":{"line":174,"column":41}}],"line":174},"13":{"loc":{"start":{"line":182,"column":8},"end":{"line":204,"column":9}},"type":"if","locations":[{"start":{"line":182,"column":8},"end":{"line":204,"column":9}},{"start":{"line":188,"column":15},"end":{"line":204,"column":9}}],"line":182},"14":{"loc":{"start":{"line":182,"column":12},"end":{"line":182,"column":61}},"type":"binary-expr","locations":[{"start":{"line":182,"column":12},"end":{"line":182,"column":20}},{"start":{"line":182,"column":24},"end":{"line":182,"column":61}}],"line":182},"15":{"loc":{"start":{"line":182,"column":43},"end":{"line":182,"column":60}},"type":"binary-expr","locations":[{"start":{"line":182,"column":43},"end":{"line":182,"column":55}},{"start":{"line":182,"column":59},"end":{"line":182,"column":60}}],"line":182},"16":{"loc":{"start":{"line":193,"column":27},"end":{"line":193,"column":44}},"type":"binary-expr","locations":[{"start":{"line":193,"column":27},"end":{"line":193,"column":39}},{"start":{"line":193,"column":43},"end":{"line":193,"column":44}}],"line":193},"17":{"loc":{"start":{"line":198,"column":20},"end":{"line":198,"column":73}},"type":"cond-expr","locations":[{"start":{"line":198,"column":34},"end":{"line":198,"column":57}},{"start":{"line":198,"column":60},"end":{"line":198,"column":73}}],"line":198},"18":{"loc":{"start":{"line":199,"column":25},"end":{"line":202,"column":25}},"type":"cond-expr","locations":[{"start":{"line":199,"column":39},"end":{"line":202,"column":13}},{"start":{"line":202,"column":16},"end":{"line":202,"column":25}}],"line":199},"19":{"loc":{"start":{"line":212,"column":14},"end":{"line":212,"column":61}},"type":"cond-expr","locations":[{"start":{"line":212,"column":38},"end":{"line":212,"column":48}},{"start":{"line":212,"column":51},"end":{"line":212,"column":61}}],"line":212},"20":{"loc":{"start":{"line":220,"column":4},"end":{"line":226,"column":5}},"type":"if","locations":[{"start":{"line":220,"column":4},"end":{"line":226,"column":5}},{"start":{},"end":{}}],"line":220},"21":{"loc":{"start":{"line":220,"column":8},"end":{"line":220,"column":51}},"type":"binary-expr","locations":[{"start":{"line":220,"column":8},"end":{"line":220,"column":29}},{"start":{"line":220,"column":33},"end":{"line":220,"column":51}}],"line":220},"22":{"loc":{"start":{"line":222,"column":6},"end":{"line":225,"column":7}},"type":"if","locations":[{"start":{"line":222,"column":6},"end":{"line":225,"column":7}},{"start":{},"end":{}}],"line":222},"23":{"loc":{"start":{"line":248,"column":4},"end":{"line":250,"column":5}},"type":"if","locations":[{"start":{"line":248,"column":4},"end":{"line":250,"column":5}},{"start":{},"end":{}}],"line":248},"24":{"loc":{"start":{"line":253,"column":4},"end":{"line":258,"column":5}},"type":"if","locations":[{"start":{"line":253,"column":4},"end":{"line":258,"column":5}},{"start":{},"end":{}}],"line":253},"25":{"loc":{"start":{"line":254,"column":6},"end":{"line":255,"column":60}},"type":"binary-expr","locations":[{"start":{"line":254,"column":6},"end":{"line":254,"column":54}},{"start":{"line":255,"column":6},"end":{"line":255,"column":60}}],"line":254},"26":{"loc":{"start":{"line":281,"column":4},"end":{"line":283,"column":5}},"type":"if","locations":[{"start":{"line":281,"column":4},"end":{"line":283,"column":5}},{"start":{},"end":{}}],"line":281},"27":{"loc":{"start":{"line":286,"column":4},"end":{"line":288,"column":5}},"type":"if","locations":[{"start":{"line":286,"column":4},"end":{"line":288,"column":5}},{"start":{},"end":{}}],"line":286},"28":{"loc":{"start":{"line":286,"column":8},"end":{"line":286,"column":70}},"type":"binary-expr","locations":[{"start":{"line":286,"column":8},"end":{"line":286,"column":33}},{"start":{"line":286,"column":37},"end":{"line":286,"column":70}}],"line":286}},"s":{"0":0,"1":0,"2":0,"3":0,"4":0,"5":0,"6":0,"7":0,"8":0,"9":0,"10":0,"11":0,"12":0,"13":0,"14":0,"15":0,"16":0,"17":0,"18":0,"19":0,"20":0,"21":0,"22":0,"23":0,"24":0,"25":0,"26":0,"27":0,"28":0,"29":0,"30":0,"31":0,"32":0,"33":0,"34":0,"35":0,"36":0,"37":0,"38":0,"39":0,"40":0,"41":0,"42":0,"43":0,"44":0,"45":0,"46":0,"47":0,"48":0,"49":0,"50":0,"51":0,"52":0,"53":0,"54":0,"55":0,"56":0,"57":0,"58":0,"59":0,"60":0,"61":0,"62":0,"63":0,"64":0,"65":0,"66":0,"67":0,"68":0,"69":0,"70":0,"71":0,"72":0,"73":0,"74":0,"75":0,"76":0,"77":0,"78":0,"79":0,"80":0,"81":0,"82":0,"83":0,"84":0,"85":0},"f":{"0":0,"1":0,"2":0,"3":0,"4":0,"5":0,"6":0,"7":0},"b":{"0":[0,0],"1":[0,0],"2":[0,0],"3":[0,0],"4":[0],"5":[0],"6":[0,0],"7":[0],"8":[0],"9":[0,0],"10":[0,0],"11":[0,0],"12":[0,0],"13":[0,0],"14":[0,0],"15":[0,0],"16":[0,0],"17":[0,0],"18":[0,0],"19":[0,0],"20":[0,0],"21":[0,0],"22":[0,0],"23":[0,0],"24":[0,0],"25":[0,0],"26":[0,0],"27":[0,0],"28":[0,0]},"inputSourceMap":null}
,"/project/sandbox/user-workspace/backend/middleware/authMiddleware.js": {"path":"/project/sandbox/user-workspace/backend/middleware/authMiddleware.js","statementMap":{"0":{"start":{"line":1,"column":12},"end":{"line":1,"column":35}},"1":{"start":{"line":2,"column":13},"end":{"line":2,"column":38}},"2":{"start":{"line":5,"column":0},"end":{"line":55,"column":2}},"3":{"start":{"line":6,"column":2},"end":{"line":54,"column":3}},"4":{"start":{"line":10,"column":4},"end":{"line":12,"column":5}},"5":{"start":{"line":11,"column":6},"end":{"line":11,"column":54}},"6":{"start":{"line":15,"column":4},"end":{"line":20,"column":5}},"7":{"start":{"line":16,"column":6},"end":{"line":19,"column":9}},"8":{"start":{"line":22,"column":4},"end":{"line":51,"column":5}},"9":{"start":{"line":24,"column":22},"end":{"line":24,"column":63}},"10":{"start":{"line":27,"column":6},"end":{"line":27,"column":69}},"11":{"start":{"line":30,"column":6},"end":{"line":35,"column":7}},"12":{"start":{"line":31,"column":8},"end":{"line":34,"column":11}},"13":{"start":{"line":38,"column":6},"end":{"line":43,"column":7}},"14":{"start":{"line":39,"column":8},"end":{"line":42,"column":11}},"15":{"start":{"line":45,"column":6},"end":{"line":45,"column":13}},"16":{"start":{"line":47,"column":6},"end":{"line":50,"column":9}},"17":{"start":{"line":53,"column":4},"end":{"line":53,"column":16}},"18":{"start":{"line":58,"column":0},"end":{"line":68,"column":2}},"19":{"start":{"line":59,"column":2},"end":{"line":67,"column":4}},"20":{"start":{"line":60,"column":4},"end":{"line":65,"column":5}},"21":{"start":{"line":61,"column":6},"end":{"line":64,"column":9}},"22":{"start":{"line":66,"column":4},"end":{"line":66,"column":11}},"23":{"start":{"line":71,"column":0},"end":{"line":108,"column":2}},"24":{"start":{"line":72,"column":2},"end":{"line":107,"column":3}},"25":{"start":{"line":73,"column":4},"end":{"line":78,"column":5}},"26":{"start":{"line":74,"column":6},"end":{"line":77,"column":9}},"27":{"start":{"line":80,"column":21},"end":{"line":80,"column":67}},"28":{"start":{"line":82,"column":4},"end":{"line":87,"column":5}},"29":{"start":{"line":83,"column":6},"end":{"line":86,"column":9}},"30":{"start":{"line":89,"column":4},"end":{"line":94,"column":5}},"31":{"start":{"line":90,"column":6},"end":{"line":93,"column":9}},"32":{"start":{"line":96,"column":4},"end":{"line":101,"column":5}},"33":{"start":{"line":97,"column":6},"end":{"line":100,"column":9}},"34":{"start":{"line":103,"column":4},"end":{"line":103,"column":28}},"35":{"start":{"line":104,"column":4},"end":{"line":104,"column":11}},"36":{"start":{"line":106,"column":4},"end":{"line":106,"column":16}},"37":{"start":{"line":111,"column":0},"end":{"line":121,"column":2}},"38":{"start":{"line":112,"column":2},"end":{"line":120,"column":3}},"39":{"start":{"line":113,"column":4},"end":{"line":116,"column":5}},"40":{"start":{"line":114,"column":6},"end":{"line":114,"column":38}},"41":{"start":{"line":115,"column":6},"end":{"line":115,"column":57}},"42":{"start":{"line":117,"column":4},"end":{"line":117,"column":11}},"43":{"start":{"line":119,"column":4},"end":{"line":119,"column":16}},"44":{"start":{"line":124,"column":0},"end":{"line":127,"column":2}},"45":{"start":{"line":130,"column":0},"end":{"line":151,"column":2}},"46":{"start":{"line":131,"column":2},"end":{"line":150,"column":3}},"47":{"start":{"line":132,"column":28},"end":{"line":132,"column":36}},"48":{"start":{"line":134,"column":4},"end":{"line":139,"column":5}},"49":{"start":{"line":135,"column":6},"end":{"line":138,"column":9}},"50":{"start":{"line":142,"column":4},"end":{"line":145,"column":5}},"51":{"start":{"line":143,"column":6},"end":{"line":143,"column":46}},"52":{"start":{"line":144,"column":6},"end":{"line":144,"column":57}},"53":{"start":{"line":147,"column":4},"end":{"line":147,"column":11}},"54":{"start":{"line":149,"column":4},"end":{"line":149,"column":16}},"55":{"start":{"line":154,"column":0},"end":{"line":167,"column":2}},"56":{"start":{"line":155,"column":2},"end":{"line":166,"column":3}},"57":{"start":{"line":156,"column":28},"end":{"line":156,"column":36}},"58":{"start":{"line":158,"column":4},"end":{"line":161,"column":5}},"59":{"start":{"line":159,"column":6},"end":{"line":159,"column":91}},"60":{"start":{"line":159,"column":68},"end":{"line":159,"column":89}},"61":{"start":{"line":160,"column":6},"end":{"line":160,"column":57}},"62":{"start":{"line":163,"column":4},"end":{"line":163,"column":11}},"63":{"start":{"line":165,"column":4},"end":{"line":165,"column":16}},"64":{"start":{"line":170,"column":0},"end":{"line":210,"column":2}},"65":{"start":{"line":171,"column":2},"end":{"line":171,"column":27}},"66":{"start":{"line":174,"column":2},"end":{"line":180,"column":3}},"67":{"start":{"line":175,"column":21},"end":{"line":175,"column":70}},"68":{"start":{"line":175,"column":58},"end":{"line":175,"column":69}},"69":{"start":{"line":176,"column":4},"end":{"line":179,"column":7}},"70":{"start":{"line":183,"column":2},"end":{"line":188,"column":3}},"71":{"start":{"line":184,"column":4},"end":{"line":187,"column":7}},"72":{"start":{"line":191,"column":2},"end":{"line":196,"column":3}},"73":{"start":{"line":192,"column":4},"end":{"line":195,"column":7}},"74":{"start":{"line":198,"column":2},"end":{"line":203,"column":3}},"75":{"start":{"line":199,"column":4},"end":{"line":202,"column":7}},"76":{"start":{"line":206,"column":2},"end":{"line":209,"column":5}}},"fnMap":{"0":{"name":"(anonymous_0)","decl":{"start":{"line":5,"column":18},"end":{"line":5,"column":19}},"loc":{"start":{"line":5,"column":44},"end":{"line":55,"column":1}},"line":5},"1":{"name":"(anonymous_1)","decl":{"start":{"line":58,"column":20},"end":{"line":58,"column":21}},"loc":{"start":{"line":58,"column":34},"end":{"line":68,"column":1}},"line":58},"2":{"name":"(anonymous_2)","decl":{"start":{"line":59,"column":9},"end":{"line":59,"column":10}},"loc":{"start":{"line":59,"column":29},"end":{"line":67,"column":3}},"line":59},"3":{"name":"(anonymous_3)","decl":{"start":{"line":71,"column":25},"end":{"line":71,"column":26}},"loc":{"start":{"line":71,"column":51},"end":{"line":108,"column":1}},"line":71},"4":{"name":"(anonymous_4)","decl":{"start":{"line":111,"column":24},"end":{"line":111,"column":25}},"loc":{"start":{"line":111,"column":50},"end":{"line":121,"column":1}},"line":111},"5":{"name":"(anonymous_5)","decl":{"start":{"line":130,"column":30},"end":{"line":130,"column":31}},"loc":{"start":{"line":130,"column":56},"end":{"line":151,"column":1}},"line":130},"6":{"name":"(anonymous_6)","decl":{"start":{"line":154,"column":28},"end":{"line":154,"column":29}},"loc":{"start":{"line":154,"column":54},"end":{"line":167,"column":1}},"line":154},"7":{"name":"(anonymous_7)","decl":{"start":{"line":159,"column":59},"end":{"line":159,"column":60}},"loc":{"start":{"line":159,"column":68},"end":{"line":159,"column":89}},"line":159},"8":{"name":"(anonymous_8)","decl":{"start":{"line":170,"column":23},"end":{"line":170,"column":24}},"loc":{"start":{"line":170,"column":48},"end":{"line":210,"column":1}},"line":170},"9":{"name":"(anonymous_9)","decl":{"start":{"line":175,"column":51},"end":{"line":175,"column":52}},"loc":{"start":{"line":175,"column":58},"end":{"line":175,"column":69}},"line":175}},"branchMap":{"0":{"loc":{"start":{"line":10,"column":4},"end":{"line":12,"column":5}},"type":"if","locations":[{"start":{"line":10,"column":4},"end":{"line":12,"column":5}},{"start":{},"end":{}}],"line":10},"1":{"loc":{"start":{"line":10,"column":8},"end":{"line":10,"column":83}},"type":"binary-expr","locations":[{"start":{"line":10,"column":8},"end":{"line":10,"column":33}},{"start":{"line":10,"column":37},"end":{"line":10,"column":83}}],"line":10},"2":{"loc":{"start":{"line":15,"column":4},"end":{"line":20,"column":5}},"type":"if","locations":[{"start":{"line":15,"column":4},"end":{"line":20,"column":5}},{"start":{},"end":{}}],"line":15},"3":{"loc":{"start":{"line":30,"column":6},"end":{"line":35,"column":7}},"type":"if","locations":[{"start":{"line":30,"column":6},"end":{"line":35,"column":7}},{"start":{},"end":{}}],"line":30},"4":{"loc":{"start":{"line":38,"column":6},"end":{"line":43,"column":7}},"type":"if","locations":[{"start":{"line":38,"column":6},"end":{"line":43,"column":7}},{"start":{},"end":{}}],"line":38},"5":{"loc":{"start":{"line":60,"column":4},"end":{"line":65,"column":5}},"type":"if","locations":[{"start":{"line":60,"column":4},"end":{"line":65,"column":5}},{"start":{},"end":{}}],"line":60},"6":{"loc":{"start":{"line":73,"column":4},"end":{"line":78,"column":5}},"type":"if","locations":[{"start":{"line":73,"column":4},"end":{"line":78,"column":5}},{"start":{},"end":{}}],"line":73},"7":{"loc":{"start":{"line":82,"column":4},"end":{"line":87,"column":5}},"type":"if","locations":[{"start":{"line":82,"column":4},"end":{"line":87,"column":5}},{"start":{},"end":{}}],"line":82},"8":{"loc":{"start":{"line":89,"column":4},"end":{"line":94,"column":5}},"type":"if","locations":[{"start":{"line":89,"column":4},"end":{"line":94,"column":5}},{"start":{},"end":{}}],"line":89},"9":{"loc":{"start":{"line":96,"column":4},"end":{"line":101,"column":5}},"type":"if","locations":[{"start":{"line":96,"column":4},"end":{"line":101,"column":5}},{"start":{},"end":{}}],"line":96},"10":{"loc":{"start":{"line":113,"column":4},"end":{"line":116,"column":5}},"type":"if","locations":[{"start":{"line":113,"column":4},"end":{"line":116,"column":5}},{"start":{},"end":{}}],"line":113},"11":{"loc":{"start":{"line":134,"column":4},"end":{"line":139,"column":5}},"type":"if","locations":[{"start":{"line":134,"column":4},"end":{"li
[...]
2},"end":{"line":246,"column":3}},"loc":{"start":{"line":246,"column":38},"end":{"line":277,"column":3}},"line":246},"4":{"name":"(anonymous_4)","decl":{"start":{"line":283,"column":2},"end":{"line":283,"column":3}},"loc":{"start":{"line":283,"column":30},"end":{"line":292,"column":3}},"line":283},"5":{"name":"(anonymous_5)","decl":{"start":{"line":299,"column":2},"end":{"line":299,"column":3}},"loc":{"start":{"line":299,"column":35},"end":{"line":302,"column":3}},"line":299},"6":{"name":"(anonymous_6)","decl":{"start":{"line":309,"column":2},"end":{"line":309,"column":3}},"loc":{"start":{"line":309,"column":36},"end":{"line":331,"column":3}},"line":309}},"branchMap":{"0":{"loc":{"start":{"line":14,"column":33},"end":{"line":14,"column":45}},"type":"default-arg","locations":[{"start":{"line":14,"column":43},"end":{"line":14,"column":45}}],"line":14},"1":{"loc":{"start":{"line":26,"column":8},"end":{"line":26,"column":27}},"type":"default-arg","locations":[{"start":{"line":26,"column":15},"end":{"line":26,"column":27}}],"line":26},"2":{"loc":{"start":{"line":27,"column":8},"end":{"line":27,"column":16}},"type":"default-arg","locations":[{"start":{"line":27,"column":15},"end":{"line":27,"column":16}}],"line":27},"3":{"loc":{"start":{"line":28,"column":8},"end":{"line":28,"column":18}},"type":"default-arg","locations":[{"start":{"line":28,"column":16},"end":{"line":28,"column":18}}],"line":28},"4":{"loc":{"start":{"line":35,"column":6},"end":{"line":42,"column":7}},"type":"if","locations":[{"start":{"line":35,"column":6},"end":{"line":42,"column":7}},{"start":{},"end":{}}],"line":35},"5":{"loc":{"start":{"line":45,"column":6},"end":{"line":45,"column":46}},"type":"if","locations":[{"start":{"line":45,"column":6},"end":{"line":45,"column":46}},{"start":{},"end":{}}],"line":45},"6":{"loc":{"start":{"line":46,"column":6},"end":{"line":46,"column":55}},"type":"if","locations":[{"start":{"line":46,"column":6},"end":{"line":46,"column":55}},{"start":{},"end":{}}],"line":46},"7":{"loc":{"start":{"line":49,"column":6},"end":{"line":49,"column":46}},"type":"if","locations":[{"start":{"line":49,"column":6},"end":{"line":49,"column":46}},{"start":{},"end":{}}],"line":49},"8":{"loc":{"start":{"line":52,"column":6},"end":{"line":56,"column":7}},"type":"if","locations":[{"start":{"line":52,"column":6},"end":{"line":56,"column":7}},{"start":{},"end":{}}],"line":52},"9":{"loc":{"start":{"line":52,"column":10},"end":{"line":52,"column":30}},"type":"binary-expr","locations":[{"start":{"line":52,"column":10},"end":{"line":52,"column":18}},{"start":{"line":52,"column":22},"end":{"line":52,"column":30}}],"line":52},"10":{"loc":{"start":{"line":54,"column":8},"end":{"line":54,"column":62}},"type":"if","locations":[{"start":{"line":54,"column":8},"end":{"line":54,"column":62}},{"start":{},"end":{}}],"line":54},"11":{"loc":{"start":{"line":55,"column":8},"end":{"line":55,"column":62}},"type":"if","locations":[{"start":{"line":55,"column":8},"end":{"line":55,"column":62}},{"start":{},"end":{}}],"line":55},"12":{"loc":{"start":{"line":59,"column":6},"end":{"line":59,"column":55}},"type":"if","locations":[{"start":{"line":59,"column":6},"end":{"line":59,"column":55}},{"start":{},"end":{}}],"line":59},"13":{"loc":{"start":{"line":62,"column":6},"end":{"line":64,"column":7}},"type":"if","locations":[{"start":{"line":62,"column":6},"end":{"line":64,"column":7}},{"start":{},"end":{}}],"line":62},"14":{"loc":{"start":{"line":67,"column":6},"end":{"line":69,"column":7}},"type":"if","locations":[{"start":{"line":67,"column":6},"end":{"line":69,"column":7}},{"start":{},"end":{}}],"line":67},"15":{"loc":{"start":{"line":78,"column":6},"end":{"line":80,"column":7}},"type":"if","locations":[{"start":{"line":78,"column":6},"end":{"line":80,"column":7}},{"start":{},"end":{}}],"line":78},"16":{"loc":{"start":{"line":120,"column":34},"end":{"line":120,"column":46}},"type":"default-arg","locations":[{"start":{"line":120,"column":44},"end":{"line":120,"column":46}}],"line":120},"17":{"loc":{"start":{"line":126,"column":8},"end":{"line":126,"column":22}},"type":"default-arg","locations":[{"start":{"line":126,"column":17},"end":{"line":126,"column":22}}],"line":126},"18":{"loc":{"start":{"line":130,"column":8},"end":{"line":130,"column":33}},"type":"default-arg","locations":[{"start":{"line":130,"column":15},"end":{"line":130,"column":33}}],"line":130},"19":{"loc":{"start":{"line":131,"column":8},"end":{"line":131,"column":16}},"type":"default-arg","locations":[{"start":{"line":131,"column":15},"end":{"line":131,"column":16}}],"line":131},"20":{"loc":{"start":{"line":132,"column":8},"end":{"line":132,"column":18}},"type":"default-arg","locations":[{"start":{"line":132,"column":16},"end":{"line":132,"column":18}}],"line":132},"21":{"loc":{"start":{"line":142,"column":6},"end":{"line":147,"column":7}},"type":"if","locations":[{"start":{"line":142,"column":6},"end":{"line":147,"column":7}},{"start":{},"end":{}}],"line":142},"22":{"loc":{"start":{"line":150,"column":6},"end":{"line":160,"column":7}},"type":"if","locations":[{"start":{"line":150,"column":6},"end":{"line":160,"column":7}},{"start":{},"end":{}}],"line":150},"23":{"loc":{"start":{"line":150,"column":10},"end":{"line":150,"column":31}},"type":"binary-expr","locations":[{"start":{"line":150,"column":10},"end":{"line":150,"column":18}},{"start":{"line":150,"column":22},"end":{"line":150,"column":31}}],"line":150},"24":{"loc":{"start":{"line":163,"column":6},"end":{"line":165,"column":7}},"type":"if","locations":[{"start":{"line":163,"column":6},"end":{"line":165,"column":7}},{"start":{},"end":{}}],"line":163},"25":{"loc":{"start":{"line":164,"column":33},"end":{"line":164,"column":80}},"type":"cond-expr","locations":[{"start":{"line":164,"column":59},"end":{"line":164,"column":67}},{"start":{"line":164,"column":70},"end":{"line":164,"column":80}}],"line":164},"26":{"loc":{"start":{"line":168,"column":6},"end":{"line":170,"column":7}},"type":"if","locations":[{"start":{"line":168,"column":6},"end":{"line":170,"column":7}},{"start":{},"end":{}}],"line":168},"27":{"loc":{"start":{"line":173,"column":6},"end":{"line":186,"column":7}},"type":"if","locations":[{"start":{"line":173,"column":6},"end":{"line":186,"column":7}},{"start":{},"end":{}}],"line":173},"28":{"loc":{"start":{"line":192,"column":6},"end":{"line":194,"column":7}},"type":"if","locations":[{"start":{"line":192,"column":6},"end":{"line":194,"column":7}},{"start":{},"end":{}}],"line":192},"29":{"loc":{"start":{"line":210,"column":6},"end":{"line":219,"column":7}},"type":"if","locations":[{"start":{"line":210,"column":6},"end":{"line":219,"column":7}},{"start":{},"end":{}}],"line":210},"30":{"loc":{"start":{"line":210,"column":10},"end":{"line":210,"column":31}},"type":"binary-expr","locations":[{"start":{"line":210,"column":10},"end":{"line":210,"column":18}},{"start":{"line":210,"column":22},"end":{"line":210,"column":31}}],"line":210},"31":{"loc":{"start":{"line":251,"column":6},"end":{"line":253,"column":7}},"type":"if","locations":[{"start":{"line":251,"column":6},"end":{"line":253,"column":7}},{"start":{},"end":{}}],"line":251},"32":{"loc":{"start":{"line":312,"column":6},"end":{"line":312,"column":31}},"type":"if","locations":[{"start":{"line":312,"column":6},"end":{"line":312,"column":31}},{"start":{},"end":{}}],"line":312}},"s":{"0":1,"1":1,"2":1,"3":1,"4":1,"5":1,"6":1,"7":1,"8":1,"9":1,"10":1,"11":1,"12":1,"13":0,"14":1,"15":0,"16":1,"17":1,"18":1,"19":1,"20":1,"21":1,"22":1,"23":0,"24":1,"25":0,"26":1,"27":0,"28":1,"29":1,"30":1,"31":1,"32":0,"33":1,"34":1,"35":0,"36":0,"37":0,"38":1,"39":1,"40":1,"41":1,"42":1,"43":1,"44":0,"45":1,"46":1,"47":1,"48":1,"49":1,"50":0,"51":1,"52":0,"53":0,"54":0,"55":0,"56":1,"57":1,"58":1,"59":0,"60":1,"61":1,"62":0,"63":0,"64":0,"65":0,"66":0,"67":0,"68":1,"69":1,"70":0,"71":0,"72":0,"73":0,"74":0,"75":0,"76":0,"77":0,"78":0,"79":0,"80":0,"81":0,"82":0,"83":0,"84":0,"85":0,"86":0,"87":0,"88":0,"89":1},"f":{"0":1,"1":1,"2":0,"3":0,"4":0,"5":0,"6":0},"b":{"0":[1],"1":[1],"2":[1],"3":[1],"4":[1,0],"5":[1,0],"6":[0,1],"7":[0,1],"8":[1,0],"9":[1,0],"10":[1,0],"11":[1,0],"12":[0,1],"13":[0,1],"14":[0,1],"15":[0,1],"16":[1],"17":[0],"18":[1],"19":[1],"20":[1],"21":[0,1],"22":[1,0],"23":[1,1],"24":[1,0],"25":[1,0],"26":[0,1],"27":[0,1],"28":[0,1],"29":[0,0],"30":[0,0],"31":[0,0],"32":[0,0]},"inputSourceMap":null,"_coverageSchema":"1a1c01bbd47fc00a2c39e90264f33305004495a9","hash":"51a4655fe57e7df75b7fb9f6d504470569fb19e5"}
,"/project/sandbox/user-workspace/backend/utils/seeder.js": {"path":"/project/sandbox/user-workspace/backend/utils/seeder.js","statementMap":{"0":{"start":{"line":1,"column":17},"end":{"line":1,"column":36}},"1":{"start":{"line":2,"column":15},"end":{"line":2,"column":34}},"2":{"start":{"line":3,"column":13},"end":{"line":3,"column":38}},"3":{"start":{"line":4,"column":17},"end":{"line":4,"column":46}},"4":{"start":{"line":5,"column":17},"end":{"line":5,"column":46}},"5":{"start":{"line":6,"column":15},"end":{"line":6,"column":42}},"6":{"start":{"line":7,"column":15},"end":{"line":7,"column":34}},"7":{"start":{"line":14,"column":4},"end":{"line":14,"column":26}},"8":{"start":{"line":15,"column":4},"end":{"line":15,"column":25}},"9":{"start":{"line":16,"column":4},"end":{"line":16,"column":24}},"10":{"start":{"line":24,"column":4},"end":{"line":39,"column":5}},"11":{"start":{"line":25,"column":6},"end":{"line":25,"column":50}},"12":{"start":{"line":28,"column":6},"end":{"line":28,"column":33}},"13":{"start":{"line":31,"column":6},"end":{"line":31,"column":33}},"14":{"start":{"line":32,"column":6},"end":{"line":32,"column":34}},"15":{"start":{"line":33,"column":6},"end":{"line":33,"column":33}},"16":{"start":{"line":35,"column":6},"end":{"line":35,"column":61}},"17":{"start":{"line":37,"column":6},"end":{"line":37,"column":72}},"18":{"start":{"line":38,"column":6},"end":{"line":38,"column":18}},"19":{"start":{"line":47,"column":4},"end":{"line":49,"column":5}},"20":{"start":{"line":48,"column":6},"end":{"line":48,"column":68}},"21":{"start":{"line":51,"column":4},"end":{"line":51,"column":54}},"22":{"start":{"line":53,"column":4},"end":{"line":57,"column":7}},"23":{"start":{"line":65,"column":4},"end":{"line":65,"column":41}},"24":{"start":{"line":67,"column":4},"end":{"line":74,"column":7}},"25":{"start":{"line":82,"column":4},"end":{"line":82,"column":41}},"26":{"start":{"line":84,"column":25},"end":{"line":111,"column":5}},"27":{"start":{"line":113,"column":4},"end":{"line":189,"column":5}},"28":{"start":{"line":115,"column":19},"end":{"line":123,"column":8}},"29":{"start":{"line":126,"column":23},"end":{"line":186,"column":8}},"30":{"start":{"line":188,"column":6},"end":{"line":188,"column":37}},"31":{"start":{"line":197,"column":4},"end":{"line":197,"column":40}},"32":{"start":{"line":199,"column":25},"end":{"line":239,"column":5}},"33":{"start":{"line":241,"column":4},"end":{"line":254,"column":5}},"34":{"start":{"line":242,"column":6},"end":{"line":253,"column":7}},"35":{"start":{"line":243,"column":25},"end":{"line":250,"column":10}},"36":{"start":{"line":252,"column":8},"end":{"line":252,"column":38}},"37":{"start":{"line":262,"column":4},"end":{"line":266,"column":6}},"38":{"start":{"line":270,"column":0},"end":{"line":270,"column":38}}},"fnMap":{"0":{"name":"(anonymous_0)","decl":{"start":{"line":13,"column":2},"end":{"line":13,"column":3}},"loc":{"start":{"line":13,"column":16},"end":{"line":17,"column":3}},"line":13},"1":{"name":"(anonymous_1)","decl":{"start":{"line":23,"column":2},"end":{"line":23,"column":3}},"loc":{"start":{"line":23,"column":18},"end":{"line":40,"column":3}},"line":23},"2":{"name":"(anonymous_2)","decl":{"start":{"line":46,"column":2},"end":{"line":46,"column":3}},"loc":{"start":{"line":46,"column":24},"end":{"line":58,"column":3}},"line":46},"3":{"name":"(anonymous_3)","decl":{"start":{"line":64,"column":2},"end":{"line":64,"column":3}},"loc":{"start":{"line":64,"column":24},"end":{"line":75,"column":3}},"line":64},"4":{"name":"(anonymous_4)","decl":{"start":{"line":81,"column":2},"end":{"line":81,"column":3}},"loc":{"start":{"line":81,"column":25},"end":{"line":190,"column":3}},"line":81},"5":{"name":"(anonymous_5)","decl":{"start":{"line":196,"column":2},"end":{"line":196,"column":3}},"loc":{"start":{"line":196,"column":24},"end":{"line":255,"column":3}},"line":196},"6":{"name":"(anonymous_6)","decl":{"start":{"line":261,"column":2},"end":{"line":261,"column":3}},"loc":{"start":{"line":261,"column":18},"end":{"line":267,"column":3}},"line":261}},"branchMap":{"0":{"loc":{"start":{"line":47,"column":4},"end":{"line":49,"column":5}},"type":"if","locations":[{"start":{"line":47,"column":4},"end":{"line":49,"column":5}},{"start":{},"end":{}}],"line":47}},"s":{"0":1,"1":1,"2":1,"3":1,"4":1,"5":1,"6":1,"7":1,"8":1,"9":1,"10":0,"11":0,"12":0,"13":0,"14":0,"15":0,"16":0,"17":0,"18":0,"19":0,"20":0,"21":0,"22":0,"23":0,"24":0,"25":0,"26":0,"27":0,"28":0,"29":0,"30":0,"31":0,"32":0,"33":0,"34":0,"35":0,"36":0,"37":0,"38":1},"f":{"0":1,"1":0,"2":0,"3":0,"4":0,"5":0,"6":0},"b":{"0":[0,0]},"inputSourceMap":null,"_coverageSchema":"1a1c01bbd47fc00a2c39e90264f33305004495a9","hash":"333766f05cc9098d977a7803f89521a0d3298090"}
,"/project/sandbox/user-workspace/backend/utils/validator.js": {"path":"/project/sandbox/user-workspace/backend/utils/validator.js","statementMap":{"0":{"start":{"line":1,"column":49},"end":{"line":1,"column":77}},"1":{"start":{"line":2,"column":22},"end":{"line":2,"column":48}},"2":{"start":{"line":7,"column":24},"end":{"line":223,"column":1}},"3":{"start":{"line":78,"column":10},"end":{"line":80,"column":11}},"4":{"start":{"line":79,"column":12},"end":{"line":79,"column":76}},"5":{"start":{"line":81,"column":40},"end":{"line":81,"column":45}},"6":{"start":{"line":82,"column":10},"end":{"line":84,"column":11}},"7":{"start":{"line":83,"column":12},"end":{"line":83,"column":49}},"8":{"start":{"line":85,"column":10},"end":{"line":87,"column":11}},"9":{"start":{"line":86,"column":12},"end":{"line":86,"column":48}},"10":{"start":{"line":88,"column":10},"end":{"line":88,"column":22}},"11":{"start":{"line":131,"column":10},"end":{"line":133,"column":11}},"12":{"start":{"line":132,"column":12},"end":{"line":132,"column":65}},"13":{"start":{"line":134,"column":10},"end":{"line":134,"column":22}},"14":{"start":{"line":168,"column":10},"end":{"line":170,"column":11}},"15":{"start":{"line":169,"column":12},"end":{"line":169,"column":67}},"16":{"start":{"line":171,"column":10},"end":{"line":171,"column":22}},"17":{"start":{"line":194,"column":10},"end":{"line":196,"column":11}},"18":{"start":{"line":195,"column":12},"end":{"line":195,"column":67}},"19":{"start":{"line":197,"column":10},"end":{"line":197,"column":22}},"20":{"start":{"line":229,"column":17},"end":{"line":251,"column":1}},"21":{"start":{"line":230,"column":2},"end":{"line":250,"column":4}},"22":{"start":{"line":232,"column":4},"end":{"line":232,"column":74}},"23":{"start":{"line":232,"column":52},"end":{"line":232,"column":71}},"24":{"start":{"line":235,"column":19},"end":{"line":235,"column":40}},"25":{"start":{"line":236,"column":4},"end":{"line":247,"column":5}},"26":{"start":{"line":238,"column":30},"end":{"line":244,"column":12}},"27":{"start":{"line":239,"column":8},"end":{"line":241,"column":9}},"28":{"start":{"line":240,"column":10},"end":{"line":240,"column":32}},"29":{"start":{"line":242,"column":8},"end":{"line":242,"column":41}},"30":{"start":{"line":243,"column":8},"end":{"line":243,"column":19}},"31":{"start":{"line":246,"column":6},"end":{"line":246,"column":82}},"32":{"start":{"line":249,"column":4},"end":{"line":249,"column":11}},"33":{"start":{"line":253,"column":0},"end":{"line":256,"column":2}}},"fnMap":{"0":{"name":"(anonymous_0)","decl":{"start":{"line":77,"column":16},"end":{"line":77,"column":17}},"loc":{"start":{"line":77,"column":27},"end":{"line":89,"column":9}},"line":77},"1":{"name":"(anonymous_1)","decl":{"start":{"line":130,"column":16},"end":{"line":130,"column":17}},"loc":{"start":{"line":130,"column":27},"end":{"line":135,"column":9}},"line":130},"2":{"name":"(anonymous_2)","decl":{"start":{"line":167,"column":16},"end":{"line":167,"column":17}},"loc":{"start":{"line":167,"column":27},"end":{"line":172,"column":9}},"line":167},"3":{"name":"(anonymous_3)","decl":{"start":{"line":193,"column":16},"end":{"line":193,"column":17}},"loc":{"start":{"line":193,"column":27},"end":{"line":198,"column":9}},"line":193},"4":{"name":"(anonymous_4)","decl":{"start":{"line":229,"column":17},"end":{"line":229,"column":18}},"loc":{"start":{"line":229,"column":34},"end":{"line":251,"column":1}},"line":229},"5":{"name":"(anonymous_5)","decl":{"start":{"line":230,"column":9},"end":{"line":230,"column":10}},"loc":{"start":{"line":230,"column":35},"end":{"line":250,"column":3}},"line":230},"6":{"name":"(anonymous_6)","decl":{"start":{"line":232,"column":38},"end":{"line":232,"column":39}},"loc":{"start":{"line":232,"column":52},"end":{"line":232,"column":71}},"line":232},"7":{"name":"(anonymous_7)","decl":{"start":{"line":238,"column":52},"end":{"line":238,"column":53}},"loc":{"start":{"line":238,"column":68},"end":{"line":244,"column":7}},"line":238}},"branchMap":{"0":{"loc":{"start":{"line":78,"column":10},"end":{"line":80,"column":11}},"type":"if","locations":[{"start":{"line":78,"column":10},"end":{"line":80,"column":11}},{"start":{},"end":{}}],"line":78},"1":{"loc":{"start":{"line":78,"column":14},"end":{"line":78,"column":57}},"type":"binary-expr","locations":[{"start":{"line":78,"column":14},"end":{"line":78,"column":35}},{"start":{"line":78,"column":39},"end":{"line":78,"column":57}}],"line":78},"2":{"loc":{"start":{"line":82,"column":10},"end":{"line":84,"column":11}},"type":"if","locations":[{"start":{"line":82,"column":10},"end":{"line":84,"column":11}},{"start":{},"end":{}}],"line":82},"3":{"loc":{"start":{"line":82,"column":14},"end":{"line":82,"column":49}},"type":"binary-expr","locations":[{"start":{"line":82,"column":14},"end":{"line":82,"column":30}},{"start":{"line":82,"column":34},"end":{"line":82,"column":49}}],"line":82},"4":{"loc":{"start":{"line":85,"column":10},"end":{"line":87,"column":11}},"type":"if","locations":[{"start":{"line":85,"column":10},"end":{"line":87,"column":11}},{"start":{},"end":{}}],"line":85},"5":{"loc":{"start":{"line":85,"column":14},"end":{"line":85,"column":45}},"type":"binary-expr","locations":[{"start":{"line":85,"column":14},"end":{"line":85,"column":28}},{"start":{"line":85,"column":32},"end":{"line":85,"column":45}}],"line":85},"6":{"loc":{"start":{"line":131,"column":10},"end":{"line":133,"column":11}},"type":"if","locations":[{"start":{"line":131,"column":10},"end":{"line":133,"column":11}},{"start":{},"end":{}}],"line":131},"7":{"loc":{"start":{"line":168,"column":10},"end":{"line":170,"column":11}},"type":"if","locations":[{"start":{"line":168,"column":10},"end":{"line":170,"column":11}},{"start":{},"end":{}}],"line":168},"8":{"loc":{"start":{"line":194,"column":10},"end":{"line":196,"column":11}},"type":"if","locations":[{"start":{"line":194,"column":10},"end":{"line":196,"column":11}},{"start":{},"end":{}}],"line":194},"9":{"loc":{"start":{"line":236,"column":4},"end":{"line":247,"column":5}},"type":"if","locations":[{"start":{"line":236,"column":4},"end":{"line":247,"column":5}},{"start":{},"end":{}}],"line":236},"10":{"loc":{"start":{"line":239,"column":8},"end":{"line":241,"column":9}},"type":"if","locations":[{"start":{"line":239,"column":8},"end":{"line":241,"column":9}},{"start":{},"end":{}}],"line":239}},"s":{"0":0,"1":0,"2":0,"3":0,"4":0,"5":0,"6":0,"7":0,"8":0,"9":0,"10":0,"11":0,"12":0,"13":0,"14":0,"15":0,"16":0,"17":0,"18":0,"19":0,"20":0,"21":0,"22":0,"23":0,"24":0,"25":0,"26":0,"27":0,"28":0,"29":0,"30":0,"31":0,"32":0,"33":0},"f":{"0":0,"1":0,"2":0,"3":0,"4":0,"5":0,"6":0,"7":0},"b":{"0":[0,0],"1":[0,0],"2":[0,0],"3":[0,0],"4":[0,0],"5":[0,0],"6":[0,0],"7":[0,0],"8":[0,0],"9":[0,0],"10":[0,0]},"inputSourceMap":null}
}
