TN:
SF:controllers/authController.js
FN:10,(anonymous_0)
FN:102,(anonymous_1)
FN:179,(anonymous_2)
FN:202,(anonymous_3)
FN:247,(anonymous_4)
FN:290,(anonymous_5)
FN:322,(anonymous_6)
FN:352,(anonymous_7)
FNF:8
FNH:0
FNDA:0,(anonymous_0)
FNDA:0,(anonymous_1)
FNDA:0,(anonymous_2)
FNDA:0,(anonymous_3)
FNDA:0,(anonymous_4)
FNDA:0,(anonymous_5)
FNDA:0,(anonymous_6)
FNDA:0,(anonymous_7)
DA:1,0
DA:2,0
DA:3,0
DA:10,0
DA:11,0
DA:25,0
DA:28,0
DA:29,0
DA:30,0
DA:34,0
DA:44,0
DA:45,0
DA:46,0
DA:47,0
DA:51,0
DA:52,0
DA:53,0
DA:54,0
DA:58,0
DA:74,0
DA:77,0
DA:79,0
DA:93,0
DA:102,0
DA:103,0
DA:104,0
DA:107,0
DA:108,0
DA:112,0
DA:113,0
DA:114,0
DA:118,0
DA:119,0
DA:123,0
DA:124,0
DA:125,0
DA:129,0
DA:130,0
DA:134,0
DA:137,0
DA:140,0
DA:141,0
DA:142,0
DA:143,0
DA:144,0
DA:155,0
DA:170,0
DA:179,0
DA:180,0
DA:181,0
DA:184,0
DA:185,0
DA:188,0
DA:193,0
DA:202,0
DA:203,0
DA:204,0
DA:206,0
DA:207,0
DA:208,0
DA:209,0
DA:210,0
DA:222,0
DA:238,0
DA:247,0
DA:248,0
DA:249,0
DA:255,0
DA:261,0
DA:262,0
DA:263,0
DA:264,0
DA:265,0
DA:266,0
DA:267,0
DA:270,0
DA:276,0
DA:281,0
DA:290,0
DA:291,0
DA:292,0
DA:294,0
DA:297,0
DA:298,0
DA:299,0
DA:302,0
DA:303,0
DA:306,0
DA:308,0
DA:313,0
DA:322,0
DA:323,0
DA:324,0
DA:326,0
DA:327,0
DA:331,0
DA:332,0
DA:336,0
DA:343,0
DA:352,0
DA:353,0
DA:355,0
DA:360,0
DA:365,0
DA:366,0
DA:370,0
DA:371,0
DA:372,0
DA:373,0
DA:376,0
DA:378,0
DA:383,0
LF:112
LH:0
BRDA:29,0,0,0
BRDA:29,0,1,0
BRDA:44,1,0,0
BRDA:44,1,1,0
BRDA:45,2,0,0
BRDA:45,2,1,0
BRDA:45,3,0,0
BRDA:45,3,1,0
BRDA:45,3,2,0
BRDA:52,4,0,0
BRDA:52,4,1,0
BRDA:107,5,0,0
BRDA:107,5,1,0
BRDA:107,6,0,0
BRDA:107,6,1,0
BRDA:113,7,0,0
BRDA:113,7,1,0
BRDA:118,8,0,0
BRDA:118,8,1,0
BRDA:124,9,0,0
BRDA:124,9,1,0
BRDA:129,10,0,0
BRDA:129,10,1,0
BRDA:141,11,0,0
BRDA:141,11,1,0
BRDA:143,12,0,0
BRDA:143,12,1,0
BRDA:184,13,0,0
BRDA:184,13,1,0
BRDA:207,14,0,0
BRDA:207,14,1,0
BRDA:209,15,0,0
BRDA:209,15,1,0
BRDA:261,16,0,0
BRDA:261,16,1,0
BRDA:261,17,0,0
BRDA:261,17,1,0
BRDA:261,17,2,0
BRDA:263,18,0,0
BRDA:263,18,1,0
BRDA:264,19,0,0
BRDA:264,19,1,0
BRDA:265,20,0,0
BRDA:265,20,1,0
BRDA:298,21,0,0
BRDA:298,21,1,0
BRDA:326,22,0,0
BRDA:326,22,1,0
BRDA:365,23,0,0
BRDA:365,23,1,0
BRF:50
BRH:0
end_of_record
TN:
SF:controllers/medicineController.js
FN:8,(anonymous_0)
FN:38,(anonymous_1)
FN:92,(anonymous_2)
FNF:3
FNH:0
FNDA:0,(anonymous_0)
FNDA:0,(anonymous_1)
FNDA:0,(anonymous_2)
DA:8,0
DA:9,0
DA:10,0
DA:12,0
DA:23,0
DA:29,0
DA:38,0
DA:39,0
DA:47,0
DA:49,0
DA:54,0
DA:55,0
DA:58,0
DA:59,0
DA:60,0
DA:61,0
DA:64,0
DA:66,0
DA:72,0
DA:74,0
DA:83,0
DA:92,0
DA:93,0
DA:94,0
DA:97,0
DA:107,0
DA:113,0
LF:27
LH:0
BRDA:10,0,0,0
BRDA:44,1,0,0
BRDA:45,2,0,0
BRDA:46,3,0,0
BRDA:54,4,0,0
BRDA:54,4,1,0
BRDA:58,5,0,0
BRDA:58,5,1,0
BRDA:58,6,0,0
BRDA:58,6,1,0
BRDA:60,7,0,0
BRDA:60,7,1,0
BRDA:61,8,0,0
BRDA:61,8,1,0
BRF:14
BRH:0
end_of_record
TN:
SF:controllers/orderController.js
FN:11,(anonymous_0)
FN:48,(anonymous_1)
FN:79,(anonymous_2)
FN:100,(anonymous_3)
FN:132,(anonymous_4)
FN:210,(anonymous_5)
FN:246,(anonymous_6)
FN:279,(anonymous_7)
FN:294,(anonymous_8)
FN:321,(anonymous_9)
FN:363,(anonymous_10)
FN:414,(anonymous_11)
FN:424,(anonymous_12)
FN:438,(anonymous_13)
FNF:14
FNH:0
FNDA:0,(anonymous_0)
FNDA:0,(anonymous_1)
FNDA:0,(anonymous_2)
FNDA:0,(anonymous_3)
FNDA:0,(anonymous_4)
FNDA:0,(anonymous_5)
FNDA:0,(anonymous_6)
FNDA:0,(anonymous_7)
FNDA:0,(anonymous_8)
FNDA:0,(anonymous_9)
FNDA:0,(anonymous_10)
FNDA:0,(anonymous_11)
FNDA:0,(anonymous_12)
FNDA:0,(anonymous_13)
DA:1,0
DA:2,0
DA:3,0
DA:4,0
DA:11,0
DA:12,0
DA:13,0
DA:16,0
DA:22,0
DA:23,0
DA:27,0
DA:32,0
DA:33,0
DA:42,0
DA:43,0
DA:47,0
DA:48,0
DA:51,0
DA:52,0
DA:54,0
DA:63,0
DA:65,0
DA:70,0
DA:79,0
DA:80,0
DA:81,0
DA:86,0
DA:91,0
DA:100,0
DA:101,0
DA:109,0
DA:112,0
DA:118,0
DA:119,0
DA:123,0
DA:124,0
DA:125,0
DA:129,0
DA:130,0
DA:132,0
DA:133,0
DA:135,0
DA:136,0
DA:139,0
DA:140,0
DA:143,0
DA:144,0
DA:147,0
DA:148,0
DA:150,0
DA:160,0
DA:163,0
DA:181,0
DA:182,0
DA:186,0
DA:187,0
DA:191,0
DA:194,0
DA:196,0
DA:201,0
DA:210,0
DA:211,0
DA:212,0
DA:214,0
DA:215,0
DA:216,0
DA:219,0
DA:226,0
DA:228,0
DA:237,0
DA:246,0
DA:247,0
DA:248,0
DA:253,0
DA:254,0
DA:258,0
DA:262,0
DA:265,0
DA:270,0
DA:279,0
DA:280,0
DA:281,0
DA:283,0
DA:289,0
DA:290,0
DA:294,0
DA:295,0
DA:296,0
DA:297,0
DA:298,0
DA:299,0
DA:305,0
DA:307,0
DA:312,0
DA:321,0
DA:322,0
DA:323,0
DA:329,0
DA:330,0
DA:334,0
DA:335,0
DA:336,0
DA:337,0
DA:341,0
DA:342,0
DA:345,0
DA:347,0
DA:349,0
DA:354,0
DA:363,0
DA:364,0
DA:365,0
DA:367,0
DA:368,0
DA:372,0
DA:376,0
DA:380,0
DA:381,0
DA:382,0
DA:386,0
DA:387,0
DA:388,0
DA:391,0
DA:392,0
DA:395,0
DA:397,0
DA:402,0
DA:414,0
DA:416,0
DA:417,0
DA:424,0
DA:425,0
DA:426,0
DA:427,0
DA:438,0
DA:439,0
DA:440,0
DA:441,0
DA:448,0
LF:139
LH:0
BRDA:22,0,0,0
BRDA:22,0,1,0
BRDA:32,1,0,0
BRDA:32,1,1,0
BRDA:42,2,0,0
BRDA:42,2,1,0
BRDA:51,3,0,0
BRDA:51,3,1,0
BRDA:88,4,0,0
BRDA:88,4,1,0
BRDA:118,5,0,0
BRDA:118,5,1,0
BRDA:124,6,0,0
BRDA:124,6,1,0
BRDA:135,7,0,0
BRDA:135,7,1,0
BRDA:139,8,0,0
BRDA:139,8,1,0
BRDA:143,9,0,0
BRDA:143,9,1,0
BRDA:148,10,0,0
BRDA:148,10,1,0
BRDA:177,11,0,0
BRDA:177,11,1,0
BRDA:181,12,0,0
BRDA:181,12,1,0
BRDA:186,13,0,0
BRDA:186,13,1,0
BRDA:212,14,0,0
BRDA:212,15,0,0
BRDA:215,16,0,0
BRDA:215,16,1,0
BRDA:253,17,0,0
BRDA:253,17,1,0
BRDA:258,18,0,0
BRDA:258,18,1,0
BRDA:259,19,0,0
BRDA:259,19,1,0
BRDA:289,20,0,0
BRDA:289,20,1,0
BRDA:296,21,0,0
BRDA:296,21,1,0
BRDA:298,22,0,0
BRDA:298,22,1,0
BRDA:329,23,0,0
BRDA:329,23,1,0
BRDA:334,24,0,0
BRDA:334,24,1,0
BRDA:367,25,0,0
BRDA:367,25,1,0
BRDA:372,26,0,0
BRDA:372,26,1,0
BRDA:373,27,0,0
BRDA:373,27,1,0
BRDA:381,28,0,0
BRDA:381,28,1,0
BRDA:391,29,0,0
BRDA:391,29,1,0
BRDA:417,30,0,0
BRDA:417,30,1,0
BRDA:426,31,0,0
BRDA:426,31,1,0
BRDA:440,32,0,0
BRDA:440,32,1,0
BRF:64
BRH:0
end_of_record
TN:
SF:controllers/pharmacyController.js
FN:11,(anonymous_0)
FN:53,(anonymous_1)
FN:77,(anonymous_2)
FN:89,(anonymous_3)
FN:122,(anonymous_4)
FN:183,(anonymous_5)
FN:222,(anonymous_6)
FN:280,(anonymous_7)
FN:303,(anonymous_8)
FN:334,(anonymous_9)
FNF:10
FNH:0
FNDA:0,(anonymous_0)
FNDA:0,(anonymous_1)
FNDA:0,(anonymous_2)
FNDA:0,(anonymous_3)
FNDA:0,(anonymous_4)
FNDA:0,(anonymous_5)
FNDA:0,(anonymous_6)
FNDA:0,(anonymous_7)
FNDA:0,(anonymous_8)
FNDA:0,(anonymous_9)
DA:1,0
DA:2,0
DA:3,0
DA:4,0
DA:11,0
DA:12,0
DA:13,0
DA:15,0
DA:18,0
DA:19,0
DA:31,0
DA:32,0
DA:34,0
DA:38,0
DA:44,0
DA:53,0
DA:54,0
DA:55,0
DA:59,0
DA:60,0
DA:63,0
DA:68,0
DA:77,0
DA:78,0
DA:79,0
DA:88,0
DA:89,0
DA:90,0
DA:91,0
DA:95,0
DA:104,0
DA:105,0
DA:108,0
DA:113,0
DA:122,0
DA:123,0
DA:124,0
DA:126,0
DA:127,0
DA:131,0
DA:132,0
DA:135,0
DA:152,0
DA:159,0
DA:164,0
DA:174,0
DA:183,0
DA:184,0
DA:185,0
DA:187,0
DA:191,0
DA:192,0
DA:195,0
DA:196,0
DA:202,0
DA:207,0
DA:213,0
DA:222,0
DA:223,0
DA:224,0
DA:226,0
DA:231,0
DA:232,0
DA:236,0
DA:244,0
DA:245,0
DA:249,0
DA:250,0
DA:251,0
DA:255,0
DA:258,0
DA:259,0
DA:260,0
DA:261,0
DA:264,0
DA:266,0
DA:271,0
DA:280,0
DA:281,0
DA:282,0
DA:284,0
DA:286,0
DA:287,0
DA:291,0
DA:297,0
DA:298,0
DA:302,0
DA:303,0
DA:306,0
DA:307,0
DA:311,0
DA:318,0
DA:320,0
DA:325,0
DA:334,0
DA:335,0
DA:336,0
DA:340,0
DA:341,0
DA:344,0
DA:353,0
LF:101
LH:0
BRDA:13,0,0,0
BRDA:18,1,0,0
BRDA:18,1,1,0
BRDA:18,2,0,0
BRDA:18,2,1,0
BRDA:59,3,0,0
BRDA:59,3,1,0
BRDA:90,4,0,0
BRDA:90,4,1,0
BRDA:104,5,0,0
BRDA:104,5,1,0
BRDA:126,6,0,0
BRDA:126,6,1,0
BRDA:191,7,0,0
BRDA:191,7,1,0
BRDA:195,8,0,0
BRDA:195,8,1,0
BRDA:195,9,0,0
BRDA:195,9,1,0
BRDA:231,10,0,0
BRDA:231,10,1,0
BRDA:244,11,0,0
BRDA:244,11,1,0
BRDA:250,12,0,0
BRDA:250,12,1,0
BRDA:258,13,0,0
BRDA:258,13,1,0
BRDA:260,14,0,0
BRDA:260,14,1,0
BRDA:286,15,0,0
BRDA:286,15,1,0
BRDA:297,16,0,0
BRDA:297,16,1,0
BRDA:306,17,0,0
BRDA:306,17,1,0
BRDA:340,18,0,0
BRDA:340,18,1,0
BRF:37
BRH:0
end_of_record
TN:
SF:controllers/prescriptionController.js
FN:12,(anonymous_0)
FN:30,(anonymous_1)
FN:74,(anonymous_2)
FN:110,(anonymous_3)
FN:146,(anonymous_4)
FN:176,(anonymous_5)
FN:242,(anonymous_6)
FN:274,(anonymous_7)
FNF:8
FNH:0
FNDA:0,(anonymous_0)
FNDA:0,(anonymous_1)
FNDA:0,(anonymous_2)
FNDA:0,(anonymous_3)
FNDA:0,(anonymous_4)
FNDA:0,(anonymous_5)
FNDA:0,(anonymous_6)
FNDA:0,(anonymous_7)
DA:1,0
DA:2,0
DA:3,0
DA:4,0
DA:5,0
DA:12,0
DA:13,0
DA:21,0
DA:24,0
DA:25,0
DA:29,0
DA:31,0
DA:32,0
DA:40,0
DA:52,0
DA:58,0
DA:60,0
DA:65,0
DA:74,0
DA:75,0
DA:76,0
DA:78,0
DA:79,0
DA:80,0
DA:83,0
DA:90,0
DA:92,0
DA:101,0
DA:110,0
DA:111,0
DA:112,0
DA:114,0
DA:115,0
DA:116,0
DA:119,0
DA:126,0
DA:128,0
DA:137,0
DA:146,0
DA:147,0
DA:153,0
DA:155,0
DA:160,0
DA:161,0
DA:165,0
DA:166,0
DA:174,0
DA:176,0
DA:177,0
DA:182,0
DA:183,0
DA:190,0
DA:196,0
DA:207,0
DA:211,0
DA:217,0
DA:220,0
DA:221,0
DA:222,0
DA:223,0
DA:224,0
DA:228,0
DA:233,0
DA:242,0
DA:243,0
DA:244,0
DA:248,0
DA:249,0
DA:253,0
DA:257,0
DA:260,0
DA:265,0
DA:274,0
DA:275,0
DA:276,0
DA:281,0
DA:282,0
DA:286,0
DA:287,0
DA:291,0
DA:294,0
DA:302,0
DA:308,0
DA:310,0
DA:318,0
DA:322,0
LF:86
LH:0
BRDA:24,0,0,0
BRDA:24,0,1,0
BRDA:24,1,0,0
BRDA:24,1,1,0
BRDA:47,2,0,0
BRDA:47,2,1,0
BRDA:48,3,0,0
BRDA:48,3,1,0
BRDA:76,4,0,0
BRDA:76,5,0,0
BRDA:79,6,0,0
BRDA:79,6,1,0
BRDA:112,7,0,0
BRDA:112,8,0,0
BRDA:115,9,0,0
BRDA:115,9,1,0
BRDA:160,10,0,0
BRDA:160,10,1,0
BRDA:174,11,0,0
BRDA:174,11,1,0
BRDA:174,12,0,0
BRDA:174,12,1,0
BRDA:182,13,0,0
BRDA:182,13,1,0
BRDA:182,14,0,0
BRDA:182,14,1,0
BRDA:182,15,0,0
BRDA:182,15,1,0
BRDA:193,16,0,0
BRDA:193,16,1,0
BRDA:198,17,0,0
BRDA:198,17,1,0
BRDA:199,18,0,0
BRDA:199,18,1,0
BRDA:212,19,0,0
BRDA:212,19,1,0
BRDA:220,20,0,0
BRDA:220,20,1,0
BRDA:220,21,0,0
BRDA:220,21,1,0
BRDA:222,22,0,0
BRDA:222,22,1,0
BRDA:248,23,0,0
BRDA:248,23,1,0
BRDA:253,24,0,0
BRDA:253,24,1,0
BRDA:254,25,0,0
BRDA:254,25,1,0
BRDA:281,26,0,0
BRDA:281,26,1,0
BRDA:286,27,0,0
BRDA:286,27,1,0
BRDA:286,28,0,0
BRDA:286,28,1,0
BRF:54
BRH:0
end_of_record
TN:
SF:middleware/authMiddleware.js
FN:5,(anonymous_0)
FN:58,(anonymous_1)
FN:59,(anonymous_2)
FN:71,(anonymous_3)
FN:111,(anonymous_4)
FN:130,(anonymous_5)
FN:154,(anonymous_6)
FN:159,(anonymous_7)
FN:170,(anonymous_8)
FN:175,(anonymous_9)
FNF:10
FNH:0
FNDA:0,(anonymous_0)
FNDA:0,(anonymous_1)
FNDA:0,(anonymous_2)
FNDA:0,(anonymous_3)
FNDA:0,(anonymous_4)
FNDA:0,(anonymous_5)
FNDA:0,(anonymous_6)
FNDA:0,(anonymous_7)
FNDA:0,(anonymous_8)
FNDA:0,(anonymous_9)
DA:1,0
DA:2,0
DA:5,0
DA:6,0
DA:10,0
DA:11,0
DA:15,0
DA:16,0
DA:22,0
DA:24,0
DA:27,0
DA:30,0
DA:31,0
DA:38,0
DA:39,0
DA:45,0
DA:47,0
DA:53,0
DA:58,0
DA:59,0
DA:60,0
DA:61,0
DA:66,0
DA:71,0
DA:72,0
DA:73,0
DA:74,0
DA:80,0
DA:82,0
DA:83,0
DA:89,0
DA:90,0
DA:96,0
DA:97,0
DA:103,0
DA:104,0
DA:106,0
DA:111,0
DA:112,0
DA:113,0
DA:114,0
DA:115,0
DA:117,0
DA:119,0
DA:124,0
DA:130,0
DA:131,0
DA:132,0
DA:134,0
DA:135,0
DA:142,0
DA:143,0
DA:144,0
DA:147,0
DA:149,0
DA:154,0
DA:155,0
DA:156,0
DA:158,0
DA:159,0
DA:160,0
DA:163,0
DA:165,0
DA:170,0
DA:171,0
DA:174,0
DA:175,0
DA:176,0
DA:183,0
DA:184,0
DA:191,0
DA:192,0
DA:198,0
DA:199,0
DA:206,0
LF:75
LH:0
BRDA:10,0,0,0
BRDA:10,0,1,0
BRDA:10,1,0,0
BRDA:10,1,1,0
BRDA:15,2,0,0
BRDA:15,2,1,0
BRDA:30,3,0,0
BRDA:30,3,1,0
BRDA:38,4,0,0
BRDA:38,4,1,0
BRDA:60,5,0,0
BRDA:60,5,1,0
BRDA:73,6,0,0
BRDA:73,6,1,0
BRDA:82,7,0,0
BRDA:82,7,1,0
BRDA:89,8,0,0
BRDA:89,8,1,0
BRDA:96,9,0,0
BRDA:96,9,1,0
BRDA:113,10,0,0
BRDA:113,10,1,0
BRDA:134,11,0,0
BRDA:134,11,1,0
BRDA:142,12,0,0
BRDA:142,12,1,0
BRDA:158,13,0,0
BRDA:158,13,1,0
BRDA:158,14,0,0
BRDA:158,14,1,0
BRDA:174,15,0,0
BRDA:174,15,1,0
BRDA:183,16,0,0
BRDA:183,16,1,0
BRDA:191,17,0,0
BRDA:191,17,1,0
BRDA:198,18,0,0
BRDA:198,18,1,0
BRDA:206,19,0,0
BRDA:206,19,1,0
BRDA:208,20,0,0
BRDA:208,20,1,0
BRF:42
BRH:0
end_of_record
TN:
SF:middleware/errorHandler.js
FN:3,(anonymous_0)
FN:30,(anonymous_1)
FN:149,(anonymous_2)
FN:152,(anonymous_3)
FN:156,(anonymous_4)
FN:159,(anonymous_5)
FNF:6
FNH:0
FNDA:0,(anonymous_0)
FNDA:0,(anonymous_1)
FNDA:0,(anonymous_2)
FNDA:0,(anonymous_3)
FNDA:0,(anonymous_4)
FNDA:0,(anonymous_5)
DA:1,0
DA:3,0
DA:4,0
DA:5,0
DA:8,0
DA:16,0
DA:17,0
DA:18,0
DA:22,0
DA:23,0
DA:24,0
DA:25,0
DA:29,0
DA:30,0
DA:31,0
DA:35,0
DA:36,0
DA:37,0
DA:40,0
DA:41,0
DA:42,0
DA:46,0
DA:47,0
DA:48,0
DA:51,0
DA:52,0
DA:53,0
DA:56,0
DA:57,0
DA:58,0
DA:62,0
DA:63,0
DA:64,0
DA:68,0
DA:69,0
DA:70,0
DA:74,0
DA:75,0
DA:76,0
DA:80,0
DA:81,0
DA:82,0
DA:86,0
DA:87,0
DA:88,0
DA:92,0
DA:93,0
DA:97,0
DA:98,0
DA:102,0
DA:103,0
DA:107,0
DA:108,0
DA:112,0
DA:113,0
DA:117,0
DA:118,0
DA:122,0
DA:123,0
DA:127,0
DA:128,0
DA:132,0
DA:142,0
DA:149,0
DA:150,0
DA:152,0
DA:156,0
DA:157,0
DA:159,0
DA:162,0
LF:70
LH:0
BRDA:16,0,0,0
BRDA:16,0,1,0
BRDA:22,1,0,0
BRDA:22,1,1,0
BRDA:29,2,0,0
BRDA:29,2,1,0
BRDA:35,3,0,0
BRDA:35,3,1,0
BRDA:40,4,0,0
BRDA:40,4,1,0
BRDA:46,5,0,0
BRDA:46,5,1,0
BRDA:51,6,0,0
BRDA:51,6,1,0
BRDA:56,7,0,0
BRDA:56,7,1,0
BRDA:62,8,0,0
BRDA:62,8,1,0
BRDA:68,9,0,0
BRDA:68,9,1,0
BRDA:74,10,0,0
BRDA:74,10,1,0
BRDA:80,11,0,0
BRDA:80,11,1,0
BRDA:86,12,0,0
BRDA:86,12,1,0
BRDA:92,13,0,0
BRDA:92,13,1,0
BRDA:97,14,0,0
BRDA:97,14,1,0
BRDA:102,15,0,0
BRDA:102,15,1,0
BRDA:107,16,0,0
BRDA:107,16,1,0
BRDA:112,17,0,0
BRDA:112,17,1,0
BRDA:117,18,0,0
BRDA:117,18,1,0
BRDA:122,19,0,0
BRDA:122,19,1,0
BRDA:127,20,0,0
BRDA:127,20,1,0
BRDA:132,21,0,0
BRDA:132,21,1,0
BRDA:134,22,0,0
BRDA:134,22,1,0
BRDA:135,23,0,0
BRDA:135,23,1,0
BRDA:142,24,0,0
BRDA:142,24,1,0
BRF:50
BRH:0
end_of_record
TN:
SF:models/Medicine.js
FN:169,(anonymous_0)
FN:174,(anonymous_1)
FN:182,(anonymous_2)
FN:192,(anonymous_3)
FN:208,(anonymous_4)
FN:217,(anonymous_5)
FNF:6
FNH:0
FNDA:0,(anonymous_0)
FNDA:0,(anonymous_1)
FNDA:0,(anonymous_2)
FNDA:0,(anonymous_3)
FNDA:0,(anonymous_4)
FNDA:0,(anonymous_5)
DA:1,3
DA:3,3
DA:164,3
DA:165,3
DA:166,3
DA:169,3
DA:170,0
DA:174,3
DA:175,0
DA:176,0
DA:178,0
DA:182,3
DA:183,0
DA:184,0
DA:185,0
DA:186,0
DA:188,0
DA:192,3
DA:193,0
DA:200,0
DA:201,0
DA:202,0
DA:204,0
DA:208,3
DA:209,0
DA:210,0
DA:211,0
DA:213,0
DA:217,3
DA:218,0
DA:224,3
LF:31
LH:12
BRDA:175,0,0,0
BRDA:175,0,1,0
BRDA:175,1,0,0
BRDA:175,1,1,0
BRDA:183,2,0,0
BRDA:183,2,1,0
BRDA:210,3,0,0
BRDA:210,3,1,0
BRF:8
BRH:0
end_of_record
TN:
SF:models/Order.js
FN:184,(anonymous_0)
FN:193,(anonymous_1)
FN:202,(anonymous_2)
FN:209,(anonymous_3)
FN:216,(anonymous_4)
FN:230,(anonymous_5)
FN:240,(anonymous_6)
FN:244,(anonymous_7)
FN:261,(anonymous_8)
FNF:9
FNH:0
FNDA:0,(anonymous_0)
FNDA:0,(anonymous_1)
FNDA:0,(anonymous_2)
FNDA:0,(anonymous_3)
FNDA:0,(anonymous_4)
FNDA:0,(anonymous_5)
FNDA:0,(anonymous_6)
FNDA:0,(anonymous_7)
FNDA:0,(anonymous_8)
DA:1,1
DA:3,1
DA:179,1
DA:180,1
DA:181,1
DA:184,1
DA:185,0
DA:186,0
DA:187,0
DA:189,0
DA:193,1
DA:194,0
DA:195,0
DA:196,0
DA:198,0
DA:202,1
DA:203,0
DA:204,0
DA:205,0
DA:209,1
DA:210,0
DA:211,0
DA:212,0
DA:216,1
DA:217,0
DA:218,0
DA:221,0
DA:222,0
DA:226,0
DA:230,1
DA:231,0
DA:236,0
DA:240,1
DA:241,0
DA:242,0
DA:244,0
DA:245,0
DA:246,0
DA:247,0
DA:248,0
DA:253,0
DA:254,0
DA:255,0
DA:257,0
DA:261,1
DA:262,0
DA:268,1
LF:47
LH:14
BRDA:185,0,0,0
BRDA:185,0,1,0
BRDA:194,1,0,0
BRDA:194,1,1,0
BRDA:216,2,0,0
BRDA:217,3,0,0
BRDA:217,3,1,0
BRDA:221,4,0,0
BRDA:221,4,1,0
BRDA:230,5,0,0
BRDA:245,6,0,0
BRDA:245,6,1,0
BRDA:247,7,0,0
BRDA:247,7,1,0
BRDA:254,8,0,0
BRDA:254,8,1,0
BRF:16
BRH:0
end_of_record
TN:
SF:models/Pharmacy.js
FN:191,(anonymous_0)
FN:192,(anonymous_1)
FN:197,(anonymous_2)
FN:198,(anonymous_3)
FN:208,(anonymous_4)
FN:219,(anonymous_5)
FNF:6
FNH:0
FNDA:0,(anonymous_0)
FNDA:0,(anonymous_1)
FNDA:0,(anonymous_2)
FNDA:0,(anonymous_3)
FNDA:0,(anonymous_4)
FNDA:0,(anonymous_5)
DA:1,3
DA:3,3
DA:180,3
DA:183,3
DA:191,3
DA:192,0
DA:193,0
DA:197,3
DA:198,0
DA:199,0
DA:200,0
DA:201,0
DA:202,0
DA:204,0
DA:208,3
DA:209,0
DA:210,0
DA:211,0
DA:212,0
DA:213,0
DA:215,0
DA:219,3
DA:220,0
DA:221,0
DA:222,0
DA:223,0
DA:226,3
LF:27
LH:9
BRDA:193,0,0,0
BRDA:193,0,1,0
BRDA:199,1,0,0
BRDA:199,1,1,0
BRDA:210,2,0,0
BRDA:210,2,1,0
BRDA:212,3,0,0
BRDA:212,3,1,0
BRF:8
BRH:0
end_of_record
TN:
SF:models/Prescription.js
FN:161,(anonymous_0)
FN:166,(anonymous_1)
FN:175,(anonymous_2)
FN:195,(anonymous_3)
FN:210,(anonymous_4)
FN:220,(anonymous_5)
FN:221,(anonymous_6)
FN:233,(anonymous_7)
FN:242,(anonymous_8)
FN:271,(anonymous_9)
FN:279,(anonymous_10)
FNF:11
FNH:0
FNDA:0,(anonymous_0)
FNDA:0,(anonymous_1)
FNDA:0,(anonymous_2)
FNDA:0,(anonymous_3)
FNDA:0,(anonymous_4)
FNDA:0,(anonymous_5)
FNDA:0,(anonymous_6)
FNDA:0,(anonymous_7)
FNDA:0,(anonymous_8)
FNDA:0,(anonymous_9)
FNDA:0,(anonymous_10)
DA:1,1
DA:3,1
DA:156,1
DA:157,1
DA:158,1
DA:161,1
DA:162,0
DA:166,1
DA:167,0
DA:168,0
DA:169,0
DA:171,0
DA:175,1
DA:176,0
DA:177,0
DA:185,0
DA:191,0
DA:195,1
DA:196,0
DA:197,0
DA:200,0
DA:206,0
DA:210,1
DA:211,0
DA:216,0
DA:220,1
DA:221,0
DA:222,0
DA:223,0
DA:224,0
DA:225,0
DA:227,0
DA:229,0
DA:233,1
DA:234,0
DA:235,0
DA:236,0
DA:238,0
DA:242,1
DA:243,0
DA:245,0
DA:248,0
DA:249,0
DA:251,0
DA:252,0
DA:254,0
DA:255,0
DA:257,0
DA:258,0
DA:260,0
DA:261,0
DA:264,0
DA:265,0
DA:267,0
DA:271,1
DA:272,0
DA:279,1
DA:280,0
DA:286,1
LF:59
LH:16
BRDA:167,0,0,0
BRDA:167,0,1,0
BRDA:220,1,0,0
BRDA:222,2,0,0
BRDA:222,2,1,0
BRDA:224,3,0,0
BRDA:224,3,1,0
BRDA:234,4,0,0
BRDA:234,4,1,0
BRDA:234,5,0,0
BRDA:234,5,1,0
BRDA:243,6,0,0
BRDA:243,6,1,0
BRDA:249,7,0,0
BRDA:249,7,1,0
BRDA:249,7,2,0
BRDA:249,7,3,0
BRF:17
BRH:0
end_of_record
TN:
SF:models/User.js
FN:63,(anonymous_0)
FN:72,(anonymous_1)
FN:81,(anonymous_2)
FN:86,(anonymous_3)
FN:103,(anonymous_4)
FN:109,(anonymous_5)
FN:117,(anonymous_6)
FN:118,(anonymous_7)
FNF:8
FNH:0
FNDA:0,(anonymous_0)
FNDA:0,(anonymous_1)
FNDA:0,(anonymous_2)
FNDA:0,(anonymous_3)
FNDA:0,(anonymous_4)
FNDA:0,(anonymous_5)
FNDA:0,(anonymous_6)
FNDA:0,(anonymous_7)
DA:1,2
DA:2,2
DA:3,2
DA:5,2
DA:63,2
DA:64,0
DA:65,0
DA:67,0
DA:68,0
DA:72,2
DA:73,0
DA:81,2
DA:82,0
DA:86,2
DA:88,0
DA:91,0
DA:97,0
DA:99,0
DA:103,2
DA:104,0
DA:105,0
DA:109,2
DA:110,0
DA:111,0
DA:112,0
DA:117,2
DA:118,0
DA:119,0
DA:122,2
LF:29
LH:12
BRDA:64,0,0,0
BRDA:64,0,1,0
BRDA:110,1,0,0
BRDA:110,1,1,0
BRF:4
BRH:0
end_of_record
TN:
SF:routes/auth.js
FNF:0
FNH:0
DA:1,0
DA:2,0
DA:3,0
DA:13,0
DA:14,0
DA:17,0
DA:18,0
DA:19,0
DA:20,0
DA:23,0
DA:25,0
DA:26,0
DA:27,0
DA:28,0
DA:29,0
DA:31,0
LF:16
LH:0
BRF:0
BRH:0
end_of_record
TN:
SF:routes/medicines.js
FNF:0
FNH:0
DA:1,0
DA:2,0
DA:15,0
DA:17,0
DA:20,0
DA:21,0
DA:22,0
DA:23,0
DA:24,0
DA:25,0
DA:28,0
DA:31,0
DA:34,0
DA:35,0
DA:36,0
DA:37,0
DA:39,0
LF:17
LH:0
BRF:0
BRH:0
end_of_record
TN:
SF:routes/orders.js
FNF:0
FNH:0
DA:1,0
DA:2,0
DA:12,0
DA:14,0
DA:17,0
DA:20,0
DA:21,0
DA:22,0
DA:25,0
DA:29,0
DA:33,0
DA:34,0
DA:36,0
LF:13
LH:0
BRF:0
BRH:0
end_of_record
TN:
SF:routes/pharmacy.js
FN:45,(anonymous_0)
FN:52,(anonymous_1)
FN:59,(anonymous_2)
FN:69,(anonymous_3)
FN:73,(anonymous_4)
FNF:5
FNH:0
FNDA:0,(anonymous_0)
FNDA:0,(anonymous_1)
FNDA:0,(anonymous_2)
FNDA:0,(anonymous_3)
FNDA:0,(anonymous_4)
DA:1,0
DA:2,0
DA:3,0
DA:13,0
DA:18,0
DA:21,0
DA:22,0
DA:23,0
DA:26,0
DA:27,0
DA:30,0
DA:33,0
DA:36,0
DA:39,0
DA:40,0
DA:43,0
DA:47,0
DA:50,0
DA:54,0
DA:57,0
DA:61,0
DA:65,0
DA:66,0
DA:69,0
DA:70,0
DA:71,0
DA:73,0
DA:76,0
DA:79,0
LF:29
LH:0
BRDA:70,0,0,0
BRDA:70,0,1,0
BRF:2
BRH:0
end_of_record
TN:
SF:routes/prescriptions.js
FNF:0
FNH:0
DA:1,0
DA:2,0
DA:11,0
DA:13,0
DA:14,0
DA:17,0
DA:20,0
DA:27,0
DA:28,0
DA:31,0
DA:32,0
DA:35,0
DA:36,0
DA:38,0
LF:14
LH:0
BRF:0
BRH:0
end_of_record
TN:
SF:utils/analytics.js
FN:15,(anonymous_0)
FN:72,(anonymous_1)
FN:84,(anonymous_2)
FN:99,(anonymous_3)
FN:124,(anonymous_4)
FN:165,(anonymous_5)
FN:199,(anonymous_6)
FN:201,(anonymous_7)
FN:217,(anonymous_8)
FN:235,(anonymous_9)
FN:250,(anonymous_10)
FN:256,(anonymous_11)
FN:257,(anonymous_12)
FN:258,(anonymous_13)
FN:264,(anonymous_14)
FN:286,(anonymous_15)
FN:315,(anonymous_16)
FNF:17
FNH:0
FNDA:0,(anonymous_0)
FNDA:0,(anonymous_1)
FNDA:0,(anonymous_2)
FNDA:0,(anonymous_3)
FNDA:0,(anonymous_4)
FNDA:0,(anonymous_5)
FNDA:0,(anonymous_6)
FNDA:0,(anonymous_7)
FNDA:0,(anonymous_8)
FNDA:0,(anonymous_9)
FNDA:0,(anonymous_10)
FNDA:0,(anonymous_11)
FNDA:0,(anonymous_12)
FNDA:0,(anonymous_13)
FNDA:0,(anonymous_14)
FNDA:0,(anonymous_15)
FNDA:0,(anonymous_16)
DA:1,0
DA:2,0
DA:3,0
DA:4,0
DA:5,0
DA:6,0
DA:16,0
DA:17,0
DA:18,0
DA:20,0
DA:21,0
DA:24,0
DA:37,0
DA:44,0
DA:53,0
DA:55,0
DA:57,0
DA:62,0
DA:73,0
DA:84,0
DA:85,0
DA:89,0
DA:100,0
DA:125,0
DA:166,0
DA:187,0
DA:200,0
DA:202,0
DA:204,0
DA:218,0
DA:219,0
DA:220,0
DA:222,0
DA:236,0
DA:237,0
DA:239,0
DA:251,0
DA:252,0
DA:254,0
DA:256,0
DA:257,0
DA:259,0
DA:262,0
DA:265,0
DA:266,0
DA:270,0
DA:272,0
DA:276,0
DA:287,0
DA:288,0
DA:313,0
DA:316,0
DA:317,0
DA:318,0
DA:319,0
DA:323,0
DA:328,0
DA:333,0
LF:58
LH:0
BRDA:20,0,0,0
BRDA:20,0,1,0
BRDA:262,1,0,0
BRDA:262,1,1,0
BRDA:265,2,0,0
BRDA:265,2,1,0
BRF:6
BRH:0
end_of_record
TN:
SF:utils/cache.js
FN:6,(anonymous_0)
FN:21,(anonymous_1)
FN:22,(anonymous_2)
FN:26,(anonymous_3)
FN:30,(anonymous_4)
FN:34,(anonymous_5)
FN:46,(anonymous_6)
FN:49,(anonymous_7)
FN:62,(anonymous_8)
FN:80,(anonymous_9)
FN:96,(anonymous_10)
FN:111,(anonymous_11)
FN:124,(anonymous_12)
FN:134,(anonymous_13)
FN:135,(anonymous_14)
FN:153,(anonymous_15)
FN:174,(anonymous_16)
FN:175,(anonymous_17)
FN:178,(anonymous_18)
FN:205,(anonymous_19)
FN:215,(anonymous_20)
FN:225,(anonymous_21)
FN:237,(anonymous_22)
FN:247,(anonymous_23)
FN:256,(anonymous_24)
FN:262,(anonymous_25)
FN:270,(anonymous_26)
FN:276,(anonymous_27)
FN:284,(anonymous_28)
FN:290,(anonymous_29)
FNF:30
FNH:14
FNDA:1,(anonymous_0)
FNDA:1,(anonymous_1)
FNDA:4,(anonymous_2)
FNDA:2,(anonymous_3)
FNDA:1,(anonymous_4)
FNDA:4,(anonymous_5)
FNDA:1,(anonymous_6)
FNDA:4,(anonymous_7)
FNDA:8,(anonymous_8)
FNDA:4,(anonymous_9)
FNDA:1,(anonymous_10)
FNDA:4,(anonymous_11)
FNDA:0,(anonymous_12)
FNDA:1,(anonymous_13)
FNDA:1,(anonymous_14)
FNDA:0,(anonymous_15)
FNDA:0,(anonymous_16)
FNDA:0,(anonymous_17)
FNDA:0,(anonymous_18)
FNDA:0,(anonymous_19)
FNDA:0,(anonymous_20)
FNDA:0,(anonymous_21)
FNDA:0,(anonymous_22)
FNDA:0,(anonymous_23)
FNDA:0,(anonymous_24)
FNDA:0,(anonymous_25)
FNDA:0,(anonymous_26)
FNDA:0,(anonymous_27)
FNDA:0,(anonymous_28)
FNDA:0,(anonymous_29)
DA:1,1
DA:2,1
DA:3,1
DA:7,1
DA:14,1
DA:22,1
DA:23,4
DA:26,1
DA:27,2
DA:30,1
DA:31,1
DA:34,1
DA:35,4
DA:47,1
DA:50,4
DA:51,4
DA:54,1
DA:63,8
DA:64,8
DA:65,8
DA:66,8
DA:68,0
DA:69,0
DA:81,4
DA:82,4
DA:83,4
DA:84,4
DA:86,0
DA:87,0
DA:97,1
DA:98,1
DA:99,1
DA:100,1
DA:102,0
DA:103,0
DA:112,4
DA:113,4
DA:114,4
DA:116,0
DA:125,0
DA:135,1
DA:136,1
DA:143,1
DA:145,1
DA:146,0
DA:150,1
DA:153,1
DA:155,0
DA:158,0
DA:161,0
DA:164,1
DA:175,0
DA:176,0
DA:178,0
DA:179,0
DA:184,0
DA:185,0
DA:186,0
DA:189,0
DA:190,0
DA:192,0
DA:195,0
DA:206,0
DA:216,0
DA:227,0
DA:228,0
DA:238,0
DA:248,0
DA:257,0
DA:262,0
DA:271,0
DA:276,0
DA:285,0
DA:290,0
DA:294,1
LF:75
LH:40
BRDA:46,0,0,0
BRDA:80,1,0,3
BRDA:140,2,0,1
BRDA:140,2,1,0
BRDA:145,3,0,0
BRDA:145,3,1,1
BRDA:185,4,0,0
BRDA:185,4,1,0
BRF:8
BRH:3
end_of_record
TN:
SF:utils/errorResponse.js
FN:12,(anonymous_0)
FN:39,(anonymous_1)
FN:49,(anonymous_2)
FN:71,(anonymous_3)
FN:81,(anonymous_4)
FN:91,(anonymous_5)
FN:101,(anonymous_6)
FN:111,(anonymous_7)
FN:121,(anonymous_8)
FN:132,(anonymous_9)
FN:142,(anonymous_10)
FN:152,(anonymous_11)
FN:162,(anonymous_12)
FN:173,(anonymous_13)
FNF:14
FNH:2
FNDA:2,(anonymous_0)
FNDA:2,(anonymous_1)
FNDA:0,(anonymous_2)
FNDA:0,(anonymous_3)
FNDA:0,(anonymous_4)
FNDA:0,(anonymous_5)
FNDA:0,(anonymous_6)
FNDA:0,(anonymous_7)
FNDA:0,(anonymous_8)
FNDA:0,(anonymous_9)
FNDA:0,(anonymous_10)
FNDA:0,(anonymous_11)
FNDA:0,(anonymous_12)
FNDA:0,(anonymous_13)
DA:13,2
DA:14,2
DA:15,2
DA:18,2
DA:21,2
DA:24,2
DA:27,2
DA:30,2
DA:40,2
DA:41,2
DA:42,2
DA:50,0
DA:72,0
DA:82,0
DA:92,0
DA:102,0
DA:112,0
DA:122,0
DA:133,0
DA:143,0
DA:153,0
DA:163,0
DA:174,0
DA:178,1
LF:24
LH:12
BRDA:12,0,0,2
BRDA:57,1,0,0
BRDA:57,1,1,0
BRDA:71,2,0,0
BRDA:81,3,0,0
BRDA:91,4,0,0
BRDA:101,5,0,0
BRDA:121,6,0,0
BRDA:132,7,0,0
BRDA:142,8,0,0
BRDA:152,9,0,0
BRDA:162,10,0,0
BRDA:173,11,0,0
BRF:13
BRH:1
end_of_record
TN:
SF:utils/fileHandler.js
FN:8,(anonymous_0)
FN:25,(anonymous_1)
FN:49,(anonymous_2)
FN:51,(anonymous_3)
FN:54,(anonymous_4)
FN:68,(anonymous_5)
FN:82,(anonymous_6)
FN:101,(anonymous_7)
FN:120,(anonymous_8)
FN:136,(anonymous_9)
FN:170,(anonymous_10)
FN:173,(anonymous_11)
FN:192,(anonymous_12)
FN:195,(anonymous_13)
FN:214,(anonymous_14)
FN:232,(anonymous_15)
FN:246,(anonymous_16)
FN:248,(anonymous_17)
FN:259,(anonymous_18)
FN:264,(anonymous_19)
FNF:20
FNH:4
FNDA:1,(anonymous_0)
FNDA:1,(anonymous_1)
FNDA:3,(anonymous_2)
FNDA:0,(anonymous_3)
FNDA:0,(anonymous_4)
FNDA:1,(anonymous_5)
FNDA:0,(anonymous_6)
FNDA:0,(anonymous_7)
FNDA:0,(anonymous_8)
FNDA:0,(anonymous_9)
FNDA:0,(anonymous_10)
FNDA:0,(anonymous_11)
FNDA:0,(anonymous_12)
FNDA:0,(anonymous_13)
FNDA:0,(anonymous_14)
FNDA:0,(anonymous_15)
FNDA:0,(anonymous_16)
FNDA:0,(anonymous_17)
FNDA:0,(anonymous_18)
FNDA:0,(anonymous_19)
DA:1,1
DA:2,1
DA:3,1
DA:4,1
DA:5,1
DA:10,1
DA:13,1
DA:16,1
DA:17,1
DA:18,1
DA:26,1
DA:34,1
DA:35,5
DA:36,5
DA:38,0
DA:50,3
DA:52,0
DA:55,0
DA:56,0
DA:69,1
DA:70,1
DA:76,1
DA:83,0
DA:84,0
DA:85,0
DA:86,0
DA:88,0
DA:95,1
DA:102,0
DA:103,0
DA:104,0
DA:105,0
DA:107,0
DA:114,1
DA:121,0
DA:122,0
DA:123,0
DA:124,0
DA:126,0
DA:137,0
DA:143,0
DA:145,0
DA:147,0
DA:156,0
DA:158,0
DA:160,0
DA:161,0
DA:171,0
DA:172,0
DA:174,0
DA:181,0
DA:183,0
DA:193,0
DA:194,0
DA:196,0
DA:203,0
DA:205,0
DA:215,0
DA:216,0
DA:221,0
DA:223,0
DA:233,0
DA:234,0
DA:236,0
DA:237,0
DA:247,0
DA:248,0
DA:250,0
DA:251,0
DA:260,0
DA:261,0
DA:262,0
DA:263,0
DA:264,0
DA:267,0
DA:268,0
DA:273,1
LF:77
LH:21
BRDA:84,0,0,0
BRDA:84,0,1,0
BRDA:103,1,0,0
BRDA:103,1,1,0
BRDA:122,2,0,0
BRDA:122,2,1,0
BRDA:136,3,0,0
BRDA:139,4,0,0
BRDA:140,5,0,0
BRDA:141,6,0,0
BRDA:142,7,0,0
BRF:11
BRH:0
end_of_record
TN:
SF:utils/geocoder.js
FN:5,(anonymous_0)
FN:19,(anonymous_1)
FN:52,(anonymous_2)
FN:85,(anonymous_3)
FN:112,(anonymous_4)
FN:132,(anonymous_5)
FN:150,(anonymous_6)
FN:167,(anonymous_7)
FN:184,(anonymous_8)
FN:213,(anonymous_9)
FN:231,(anonymous_10)
FNF:11
FNH:5
FNDA:1,(anonymous_0)
FNDA:0,(anonymous_1)
FNDA:0,(anonymous_2)
FNDA:1,(anonymous_3)
FNDA:0,(anonymous_4)
FNDA:0,(anonymous_5)
FNDA:2,(anonymous_6)
FNDA:1,(anonymous_7)
FNDA:1,(anonymous_8)
FNDA:0,(anonymous_9)
FNDA:0,(anonymous_10)
DA:1,1
DA:2,1
DA:7,1
DA:20,0
DA:21,0
DA:22,0
DA:24,0
DA:25,0
DA:28,0
DA:39,0
DA:41,0
DA:42,0
DA:53,0
DA:54,0
DA:56,0
DA:57,0
DA:60,0
DA:69,0
DA:71,0
DA:72,0
DA:87,1
DA:88,1
DA:89,1
DA:90,1
DA:93,1
DA:94,1
DA:95,1
DA:96,1
DA:99,1
DA:100,1
DA:102,1
DA:113,0
DA:133,0
DA:141,0
DA:151,2
DA:168,1
DA:169,1
DA:185,1
DA:186,1
DA:187,1
DA:189,1
DA:190,32
DA:191,32
DA:192,32
DA:194,32
DA:195,32
DA:197,32
DA:201,1
DA:203,1
DA:214,0
DA:221,0
DA:237,0
DA:239,0
DA:246,0
DA:247,0
DA:251,1
LF:56
LH:30
BRDA:8,0,0,1
BRDA:8,0,1,0
BRDA:24,1,0,0
BRDA:24,1,1,0
BRDA:24,2,0,0
BRDA:24,2,1,0
BRDA:56,3,0,0
BRDA:56,3,1,0
BRDA:56,4,0,0
BRDA:56,4,1,0
BRDA:85,5,0,1
BRDA:93,6,0,1
BRDA:93,6,1,0
BRDA:112,7,0,0
BRDA:138,8,0,0
BRDA:138,8,1,0
BRDA:152,9,0,2
BRDA:152,9,1,2
BRDA:152,9,2,2
BRDA:152,9,3,2
BRDA:152,9,4,1
BRDA:152,9,5,1
BRDA:167,10,0,0
BRDA:213,11,0,0
BRDA:231,12,0,0
BRDA:233,13,0,0
BRDA:234,14,0,0
BRDA:235,15,0,0
BRDA:236,16,0,0
BRF:29
BRH:9
end_of_record
TN:
SF:utils/logger.js
FN:35,(anonymous_0)
FN:85,(anonymous_1)
FN:89,(anonymous_2)
FN:96,(anonymous_3)
FN:97,(anonymous_4)
FN:98,(anonymous_5)
FN:99,(anonymous_6)
FN:100,(anonymous_7)
FN:103,(anonymous_8)
FN:116,(anonymous_9)
FN:127,(anonymous_10)
FN:135,(anonymous_11)
FN:145,(anonymous_12)
FN:154,(anonymous_13)
FN:163,(anonymous_14)
FN:172,(anonymous_15)
FN:180,(anonymous_16)
FN:188,(anonymous_17)
FN:203,(anonymous_18)
FN:213,(anonymous_19)
FN:221,(anonymous_20)
FNF:21
FNH:6
FNDA:35,(anonymous_0)
FNDA:0,(anonymous_1)
FNDA:35,(anonymous_2)
FNDA:3,(anonymous_3)
FNDA:1,(anonymous_4)
FNDA:2,(anonymous_5)
FNDA:0,(anonymous_6)
FNDA:29,(anonymous_7)
FNDA:0,(anonymous_8)
FNDA:0,(anonymous_9)
FNDA:0,(anonymous_10)
FNDA:0,(anonymous_11)
FNDA:0,(anonymous_12)
FNDA:0,(anonymous_13)
FNDA:0,(anonymous_14)
FNDA:0,(anonymous_15)
FNDA:0,(anonymous_16)
FNDA:0,(anonymous_17)
FNDA:0,(anonymous_18)
FNDA:0,(anonymous_19)
FNDA:0,(anonymous_20)
DA:1,3
DA:2,3
DA:3,3
DA:6,3
DA:15,3
DA:24,3
DA:27,3
DA:36,35
DA:37,35
DA:40,35
DA:41,23
DA:45,35
DA:46,0
DA:49,35
DA:54,3
DA:84,3
DA:85,0
DA:89,3
DA:90,35
DA:94,3
DA:96,3
DA:97,1
DA:98,2
DA:99,0
DA:100,29
DA:104,0
DA:117,0
DA:128,0
DA:136,0
DA:146,0
DA:155,0
DA:164,0
DA:173,0
DA:181,0
DA:189,0
DA:197,3
DA:203,3
DA:204,0
DA:209,0
DA:213,3
DA:214,0
DA:221,3
DA:222,0
LF:43
LH:26
BRDA:40,0,0,23
BRDA:40,0,1,12
BRDA:45,1,0,0
BRDA:45,1,1,35
BRDA:89,2,0,12
BRDA:103,3,0,0
BRDA:116,4,0,0
BRDA:127,5,0,0
BRDA:135,6,0,0
BRDA:145,7,0,0
BRDA:154,8,0,0
BRDA:163,9,0,0
BRDA:172,10,0,0
BRDA:180,11,0,0
BRDA:188,12,0,0
BRF:15
BRH:4
end_of_record
TN:
SF:utils/notifications.js
FN:5,(anonymous_0)
FN:17,(anonymous_1)
FN:36,(anonymous_2)
FN:53,(anonymous_3)
FN:70,(anonymous_4)
FN:109,(anonymous_5)
FN:148,(anonymous_6)
FN:181,(anonymous_7)
FN:215,(anonymous_8)
FN:236,(anonymous_9)
FNF:10
FNH:3
FNDA:1,(anonymous_0)
FNDA:0,(anonymous_1)
FNDA:0,(anonymous_2)
FNDA:0,(anonymous_3)
FNDA:0,(anonymous_4)
FNDA:0,(anonymous_5)
FNDA:0,(anonymous_6)
FNDA:0,(anonymous_7)
FNDA:2,(anonymous_8)
FNDA:1,(anonymous_9)
DA:2,1
DA:6,1
DA:7,1
DA:8,1
DA:18,0
DA:19,0
DA:21,0
DA:23,0
DA:24,0
DA:37,0
DA:38,0
DA:40,0
DA:42,0
DA:43,0
DA:54,0
DA:55,0
DA:57,0
DA:59,0
DA:60,0
DA:71,0
DA:73,0
DA:76,0
DA:77,0
DA:81,0
DA:82,0
DA:83,0
DA:87,0
DA:88,0
DA:97,0
DA:100,0
DA:110,0
DA:112,0
DA:115,0
DA:116,0
DA:120,0
DA:121,0
DA:122,0
DA:126,0
DA:127,0
DA:136,0
DA:139,0
DA:149,0
DA:151,0
DA:154,0
DA:155,0
DA:159,0
DA:160,0
DA:169,0
DA:172,0
DA:182,0
DA:184,0
DA:187,0
DA:188,0
DA:189,0
DA:193,0
DA:194,0
DA:203,0
DA:206,0
DA:216,2
DA:227,2
DA:237,1
DA:244,1
DA:248,1
LF:63
LH:9
BRDA:36,0,0,0
BRDA:76,1,0,0
BRDA:76,1,1,0
BRDA:81,2,0,0
BRDA:81,2,1,0
BRDA:87,3,0,0
BRDA:87,3,1,0
BRDA:87,4,0,0
BRDA:87,4,1,0
BRDA:115,5,0,0
BRDA:115,5,1,0
BRDA:120,6,0,0
BRDA:120,6,1,0
BRDA:126,7,0,0
BRDA:126,7,1,0
BRDA:126,8,0,0
BRDA:126,8,1,0
BRDA:154,9,0,0
BRDA:154,9,1,0
BRDA:159,10,0,0
BRDA:159,10,1,0
BRDA:159,11,0,0
BRDA:159,11,1,0
BRDA:187,12,0,0
BRDA:187,12,1,0
BRDA:193,13,0,0
BRDA:193,13,1,0
BRDA:193,14,0,0
BRDA:193,14,1,0
BRDA:227,15,0,2
BRDA:227,15,1,0
BRDA:244,16,0,1
BRDA:244,16,1,0
BRF:33
BRH:2
end_of_record
TN:
SF:utils/payment.js
FN:6,(anonymous_0)
FN:15,(anonymous_1)
FN:31,(anonymous_2)
FN:65,(anonymous_3)
FN:85,(anonymous_4)
FN:105,(anonymous_5)
FN:123,(anonymous_6)
FN:152,(anonymous_7)
FN:167,(anonymous_8)
FN:182,(anonymous_9)
FN:197,(anonymous_10)
FN:230,(anonymous_11)
FN:247,(anonymous_12)
FN:264,(anonymous_13)
FN:280,(anonymous_14)
FN:309,(anonymous_15)
FN:324,(anonymous_16)
FN:339,(anonymous_17)
FNF:18
FNH:4
FNDA:1,(anonymous_0)
FNDA:1,(anonymous_1)
FNDA:0,(anonymous_2)
FNDA:0,(anonymous_3)
FNDA:0,(anonymous_4)
FNDA:0,(anonymous_5)
FNDA:0,(anonymous_6)
FNDA:0,(anonymous_7)
FNDA:0,(anonymous_8)
FNDA:0,(anonymous_9)
FNDA:1,(anonymous_10)
FNDA:1,(anonymous_11)
FNDA:0,(anonymous_12)
FNDA:0,(anonymous_13)
FNDA:0,(anonymous_14)
FNDA:0,(anonymous_15)
FNDA:0,(anonymous_16)
FNDA:0,(anonymous_17)
DA:1,1
DA:2,1
DA:3,1
DA:8,1
DA:17,1
DA:32,0
DA:33,0
DA:35,0
DA:36,0
DA:38,0
DA:40,0
DA:42,0
DA:44,0
DA:46,0
DA:49,0
DA:53,0
DA:67,0
DA:87,0
DA:107,0
DA:124,0
DA:125,0
DA:127,0
DA:129,0
DA:131,0
DA:133,0
DA:135,0
DA:138,0
DA:142,0
DA:154,0
DA:169,0
DA:184,0
DA:198,1
DA:199,1
DA:201,1
DA:202,1
DA:204,1
DA:206,1
DA:208,0
DA:210,0
DA:212,0
DA:215,0
DA:219,0
DA:232,1
DA:249,0
DA:266,0
DA:281,0
DA:282,0
DA:284,0
DA:286,0
DA:288,0
DA:290,0
DA:292,0
DA:295,0
DA:299,0
DA:311,0
DA:326,0
DA:341,0
DA:349,1
LF:58
LH:13
BRDA:31,0,0,0
BRDA:38,1,0,0
BRDA:38,1,1,0
BRDA:38,1,2,0
BRDA:38,1,3,0
BRDA:123,2,0,0
BRDA:127,3,0,0
BRDA:127,3,1,0
BRDA:127,3,2,0
BRDA:127,3,3,0
BRDA:202,4,0,1
BRDA:202,4,1,0
BRDA:204,5,0,1
BRDA:204,5,1,0
BRDA:204,5,2,0
BRDA:204,5,3,0
BRDA:284,6,0,0
BRDA:284,6,1,0
BRDA:284,6,2,0
BRDA:284,6,3,0
BRF:20
BRH:2
end_of_record
TN:
SF:utils/scheduler.js
FN:9,(anonymous_0)
FN:18,(anonymous_1)
FN:39,(anonymous_2)
FN:41,(anonymous_3)
FN:56,(anonymous_4)
FN:63,(anonymous_5)
FN:76,(anonymous_6)
FN:85,(anonymous_7)
FN:111,(anonymous_8)
FN:123,(anonymous_9)
FN:125,(anonymous_10)
FN:152,(anonymous_11)
FN:154,(anonymous_12)
FN:174,(anonymous_13)
FN:200,(anonymous_14)
FN:222,(anonymous_15)
FN:236,(anonymous_16)
FN:245,(anonymous_17)
FN:261,(anonymous_18)
FN:274,(anonymous_19)
FN:281,(anonymous_20)
FNF:21
FNH:0
FNDA:0,(anonymous_0)
FNDA:0,(anonymous_1)
FNDA:0,(anonymous_2)
FNDA:0,(anonymous_3)
FNDA:0,(anonymous_4)
FNDA:0,(anonymous_5)
FNDA:0,(anonymous_6)
FNDA:0,(anonymous_7)
FNDA:0,(anonymous_8)
FNDA:0,(anonymous_9)
FNDA:0,(anonymous_10)
FNDA:0,(anonymous_11)
FNDA:0,(anonymous_12)
FNDA:0,(anonymous_13)
FNDA:0,(anonymous_14)
FNDA:0,(anonymous_15)
FNDA:0,(anonymous_16)
FNDA:0,(anonymous_17)
FNDA:0,(anonymous_18)
FNDA:0,(anonymous_19)
FNDA:0,(anonymous_20)
DA:1,0
DA:2,0
DA:3,0
DA:4,0
DA:5,0
DA:6,0
DA:10,0
DA:11,0
DA:20,0
DA:23,0
DA:26,0
DA:29,0
DA:32,0
DA:41,0
DA:42,0
DA:43,0
DA:44,0
DA:45,0
DA:47,0
DA:57,0
DA:58,0
DA:63,0
DA:64,0
DA:67,0
DA:77,0
DA:80,0
DA:81,0
DA:85,0
DA:86,0
DA:87,0
DA:89,0
DA:90,0
DA:91,0
DA:92,0
DA:95,0
DA:98,0
DA:100,0
DA:104,0
DA:112,0
DA:115,0
DA:125,0
DA:126,0
DA:127,0
DA:132,0
DA:133,0
DA:134,0
DA:137,0
DA:143,0
DA:154,0
DA:155,0
DA:156,0
DA:161,0
DA:162,0
DA:165,0
DA:175,0
DA:176,0
DA:182,0
DA:183,0
DA:184,0
DA:185,0
DA:192,0
DA:201,0
DA:202,0
DA:210,0
DA:211,0
DA:214,0
DA:223,0
DA:226,0
DA:237,0
DA:240,0
DA:241,0
DA:245,0
DA:246,0
DA:247,0
DA:249,0
DA:253,0
DA:262,0
DA:263,0
DA:264,0
DA:265,0
DA:267,0
DA:275,0
DA:282,0
DA:283,0
DA:285,0
DA:289,0
LF:86
LH:0
BRDA:80,0,0,0
BRDA:80,0,1,0
BRDA:89,1,0,0
BRDA:89,1,1,0
BRDA:183,2,0,0
BRDA:183,2,1,0
BRDA:240,3,0,0
BRDA:240,3,1,0
BRDA:262,4,0,0
BRDA:262,4,1,0
BRF:10
BRH:0
end_of_record
TN:
SF:utils/search.js
FN:14,(anonymous_0)
FN:120,(anonymous_1)
FN:211,(anonymous_2)
FN:246,(anonymous_3)
FN:283,(anonymous_4)
FN:299,(anonymous_5)
FN:309,(anonymous_6)
FNF:7
FNH:2
FNDA:1,(anonymous_0)
FNDA:1,(anonymous_1)
FNDA:0,(anonymous_2)
FNDA:0,(anonymous_3)
FNDA:0,(anonymous_4)
FNDA:0,(anonymous_5)
FNDA:0,(anonymous_6)
DA:1,1
DA:2,1
DA:3,1
DA:4,1
DA:5,1
DA:15,1
DA:29,1
DA:32,1
DA:35,1
DA:36,1
DA:45,1
DA:46,1
DA:49,1
DA:52,1
DA:53,1
DA:54,1
DA:55,1
DA:59,1
DA:62,1
DA:63,0
DA:67,1
DA:68,0
DA:72,1
DA:75,1
DA:76,1
DA:78,1
DA:79,0
DA:83,1
DA:85,1
DA:94,0
DA:102,0
DA:104,0
DA:106,1
DA:110,1
DA:121,1
DA:133,1
DA:136,1
DA:142,1
DA:143,0
DA:150,1
DA:151,1
DA:163,1
DA:164,1
DA:168,1
DA:169,0
DA:173,1
DA:174,0
DA:175,0
DA:176,0
DA:178,0
DA:189,1
DA:190,1
DA:192,1
DA:193,0
DA:197,1
DA:199,1
DA:210,0
DA:211,0
DA:212,0
DA:221,0
DA:229,0
DA:231,0
DA:233,1
DA:237,1
DA:247,0
DA:248,0
DA:249,0
DA:251,0
DA:252,0
DA:255,0
DA:267,0
DA:269,0
DA:271,0
DA:275,0
DA:285,0
DA:301,0
DA:310,0
DA:311,0
DA:312,0
DA:314,0
DA:325,0
DA:329,0
DA:334,1
LF:83
LH:46
BRDA:14,0,0,1
BRDA:26,1,0,1
BRDA:27,2,0,1
BRDA:28,3,0,1
BRDA:35,4,0,1
BRDA:35,4,1,0
BRDA:45,5,0,1
BRDA:45,5,1,0
BRDA:46,6,0,0
BRDA:46,6,1,1
BRDA:49,7,0,0
BRDA:49,7,1,1
BRDA:52,8,0,1
BRDA:52,8,1,0
BRDA:52,9,0,1
BRDA:52,9,1,0
BRDA:54,10,0,1
BRDA:54,10,1,0
BRDA:55,11,0,1
BRDA:55,11,1,0
BRDA:59,12,0,0
BRDA:59,12,1,1
BRDA:62,13,0,0
BRDA:62,13,1,1
BRDA:67,14,0,0
BRDA:67,14,1,1
BRDA:78,15,0,0
BRDA:78,15,1,1
BRDA:120,16,0,1
BRDA:126,17,0,0
BRDA:130,18,0,1
BRDA:131,19,0,1
BRDA:132,20,0,1
BRDA:142,21,0,0
BRDA:142,21,1,1
BRDA:150,22,0,1
BRDA:150,22,1,0
BRDA:150,23,0,1
BRDA:150,23,1,1
BRDA:163,24,0,1
BRDA:163,24,1,0
BRDA:164,25,0,1
BRDA:164,25,1,0
BRDA:168,26,0,0
BRDA:168,26,1,1
BRDA:173,27,0,0
BRDA:173,27,1,1
BRDA:192,28,0,0
BRDA:192,28,1,1
BRDA:210,29,0,0
BRDA:210,29,1,0
BRDA:210,30,0,0
BRDA:210,30,1,0
BRDA:251,31,0,0
BRDA:251,31,1,0
BRDA:312,32,0,0
BRDA:312,32,1,0
BRF:57
BRH:29
end_of_record
TN:
SF:utils/seeder.js
FN:13,(anonymous_0)
FN:23,(anonymous_1)
FN:46,(anonymous_2)
FN:64,(anonymous_3)
FN:81,(anonymous_4)
FN:196,(anonymous_5)
FN:261,(anonymous_6)
FNF:7
FNH:1
FNDA:1,(anonymous_0)
FNDA:0,(anonymous_1)
FNDA:0,(anonymous_2)
FNDA:0,(anonymous_3)
FNDA:0,(anonymous_4)
FNDA:0,(anonymous_5)
FNDA:0,(anonymous_6)
DA:1,1
DA:2,1
DA:3,1
DA:4,1
DA:5,1
DA:6,1
DA:7,1
DA:14,1
DA:15,1
DA:16,1
DA:24,0
DA:25,0
DA:28,0
DA:31,0
DA:32,0
DA:33,0
DA:35,0
DA:37,0
DA:38,0
DA:47,0
DA:48,0
DA:51,0
DA:53,0
DA:65,0
DA:67,0
DA:82,0
DA:84,0
DA:113,0
DA:115,0
DA:126,0
DA:188,0
DA:197,0
DA:199,0
DA:241,0
DA:242,0
DA:243,0
DA:252,0
DA:262,0
DA:270,1
LF:39
LH:11
BRDA:47,0,0,0
BRDA:47,0,1,0
BRF:2
BRH:0
end_of_record
TN:
SF:utils/validator.js
FN:77,(anonymous_0)
FN:130,(anonymous_1)
FN:167,(anonymous_2)
FN:193,(anonymous_3)
FN:229,(anonymous_4)
FN:230,(anonymous_5)
FN:232,(anonymous_6)
FN:238,(anonymous_7)
FNF:8
FNH:0
FNDA:0,(anonymous_0)
FNDA:0,(anonymous_1)
FNDA:0,(anonymous_2)
FNDA:0,(anonymous_3)
FNDA:0,(anonymous_4)
FNDA:0,(anonymous_5)
FNDA:0,(anonymous_6)
FNDA:0,(anonymous_7)
DA:1,0
DA:2,0
DA:7,0
DA:78,0
DA:79,0
DA:81,0
DA:82,0
DA:83,0
DA:85,0
DA:86,0
DA:88,0
DA:131,0
DA:132,0
DA:134,0
DA:168,0
DA:169,0
DA:171,0
DA:194,0
DA:195,0
DA:197,0
DA:229,0
DA:230,0
DA:232,0
DA:235,0
DA:236,0
DA:238,0
DA:239,0
DA:240,0
DA:242,0
DA:243,0
DA:246,0
DA:249,0
DA:253,0
LF:33
LH:0
BRDA:78,0,0,0
BRDA:78,0,1,0
BRDA:78,1,0,0
BRDA:78,1,1,0
BRDA:82,2,0,0
BRDA:82,2,1,0
BRDA:82,3,0,0
BRDA:82,3,1,0
BRDA:85,4,0,0
BRDA:85,4,1,0
BRDA:85,5,0,0
BRDA:85,5,1,0
BRDA:131,6,0,0
BRDA:131,6,1,0
BRDA:168,7,0,0
BRDA:168,7,1,0
BRDA:194,8,0,0
BRDA:194,8,1,0
BRDA:236,9,0,0
BRDA:236,9,1,0
BRDA:239,10,0,0
BRDA:239,10,1,0
BRF:22
BRH:0
end_of_record
